Log file open, 08/29/23 17:17:36
LogWindows: Failed to load 'aqProf.dll' (GetLastError=126)
LogWindows: File 'aqProf.dll' does not exist
LogWindows: Failed to load 'VtuneApi.dll' (GetLastError=126)
LogWindows: File 'VtuneApi.dll' does not exist
LogWindows: Failed to load 'VtuneApi32e.dll' (GetLastError=126)
LogWindows: File 'VtuneApi32e.dll' does not exist
LogConsoleResponse: Display: Failed to find resolution value strings in scalability ini. Falling back to default.
LogConsoleResponse: Display: Failed to find resolution value strings in scalability ini. Falling back to default.
LogInit: Display: Running engine for game: ProyectBC
LogPlatformFile: Not using cached read wrapper
LogTaskGraph: Started task graph with 5 named threads and 26 total threads with 3 sets of task threads.
LogStats: Stats thread started at 0.188163
LogICUInternationalization: ICU TimeZone Detection - Raw Offset: -6:00, Platform Override: ''
LogInit: Display: Loading text-based GConfig....
LogPluginManager: Mounting plugin MeshPainting
LogPluginManager: Mounting plugin XGEController
LogPluginManager: Mounting plugin Paper2D
LogPluginManager: Mounting plugin AISupport
LogPluginManager: Mounting plugin EnvironmentQueryEditor
LogPluginManager: Mounting plugin LightPropagationVolume
LogPluginManager: Mounting plugin LiveLink
LogPluginManager: Mounting plugin CameraShakePreviewer
LogPluginManager: Mounting plugin GameplayCameras
LogPluginManager: Mounting plugin OodleData
LogPluginManager: Mounting plugin AnimationSharing
LogPluginManager: Mounting plugin CLionSourceCodeAccess
LogPluginManager: Mounting plugin CodeLiteSourceCodeAccess
LogPluginManager: Mounting plugin GitSourceControl
LogPluginManager: Mounting plugin KDevelopSourceCodeAccess
LogPluginManager: Mounting plugin NullSourceCodeAccess
LogPluginManager: Mounting plugin PixWinPlugin
LogPluginManager: Mounting plugin PerforceSourceControl
LogPluginManager: Mounting plugin PlasticSourceControl
LogPluginManager: Mounting plugin PluginUtils
LogPluginManager: Mounting plugin PropertyAccessNode
LogPluginManager: Mounting plugin SubversionSourceControl
LogPluginManager: Mounting plugin RiderSourceCodeAccess
LogPluginManager: Mounting plugin TextureFormatOodle
LogPluginManager: Mounting plugin OodleNetwork
LogPluginManager: Mounting plugin UObjectPlugin
LogPluginManager: Mounting plugin VisualStudioCodeSourceCodeAccess
LogPluginManager: Mounting plugin VisualStudioSourceCodeAccess
LogPluginManager: Mounting plugin XCodeSourceCodeAccess
LogPluginManager: Mounting plugin AssetManagerEditor
LogPluginManager: Mounting plugin CryptoKeys
LogPluginManager: Mounting plugin CurveEditorTools
LogPluginManager: Mounting plugin DataValidation
LogPluginManager: Mounting plugin Niagara
LogPluginManager: Mounting plugin FacialAnimation
LogPluginManager: Mounting plugin GameplayTagsEditor
LogPluginManager: Mounting plugin GeometryMode
LogPluginManager: Mounting plugin MacGraphicsSwitching
LogPluginManager: Mounting plugin MaterialAnalyzer
LogPluginManager: Mounting plugin MobileLauncherProfileWizard
LogPluginManager: Mounting plugin PluginBrowser
LogPluginManager: Mounting plugin SpeedTreeImporter
LogPluginManager: Mounting plugin AlembicImporter
LogPluginManager: Mounting plugin AutomationUtils
LogPluginManager: Mounting plugin BackChannel
LogPluginManager: Mounting plugin ChaosCloth
LogPluginManager: Mounting plugin ChaosClothEditor
LogPluginManager: Mounting plugin ChaosEditor
LogPluginManager: Mounting plugin ChaosNiagara
LogPluginManager: Mounting plugin ChaosSolverPlugin
LogPluginManager: Mounting plugin CharacterAI
LogPluginManager: Mounting plugin GeometryCache
LogPluginManager: Mounting plugin GeometryCollectionPlugin
LogPluginManager: Mounting plugin DatasmithContent
LogPluginManager: Mounting plugin AndroidMedia
LogPluginManager: Mounting plugin VariantManagerContent
LogPluginManager: Mounting plugin AvfMedia
LogPluginManager: Mounting plugin ImgMedia
LogPluginManager: Mounting plugin MediaCompositing
LogPluginManager: Mounting plugin MediaPlayerEditor
LogPluginManager: Mounting plugin WebMMedia
LogPluginManager: Mounting plugin WmfMedia
LogPluginManager: Mounting plugin LuminPlatformFeatures
LogPluginManager: Mounting plugin MagicLeap
LogPluginManager: Mounting plugin MagicLeapLightEstimation
LogPluginManager: Mounting plugin MagicLeapMedia
LogPluginManager: Mounting plugin MagicLeapPassableWorld
LogPluginManager: Mounting plugin MLSDK
LogPluginManager: Mounting plugin GeometryProcessing
LogPluginManager: Mounting plugin MotoSynth
LogPluginManager: Mounting plugin OpenImageDenoise
LogPluginManager: Mounting plugin PlanarCut
LogPluginManager: Mounting plugin PlatformCrypto
LogPluginManager: Mounting plugin ProxyLODPlugin
LogPluginManager: Mounting plugin PythonScriptPlugin
LogPluginManager: Mounting plugin SkeletalReduction
LogPluginManager: Mounting plugin ActorSequence
LogPluginManager: Mounting plugin LevelSequenceEditor
LogPluginManager: Mounting plugin MatineeToLevelSequence
LogPluginManager: Mounting plugin TemplateSequence
LogPluginManager: Mounting plugin OnlineSubsystem
LogPluginManager: Mounting plugin OnlineSubsystemNull
LogPluginManager: Mounting plugin OnlineSubsystemUtils
LogPluginManager: Mounting plugin TcpMessaging
LogPluginManager: Mounting plugin UdpMessaging
LogPluginManager: Mounting plugin LauncherChunkInstaller
LogPluginManager: Mounting plugin ActorLayerUtilities
LogPluginManager: Mounting plugin AndroidDeviceProfileSelector
LogPluginManager: Mounting plugin AndroidMoviePlayer
LogPluginManager: Mounting plugin AndroidPermission
LogPluginManager: Mounting plugin AppleImageUtils
LogPluginManager: Mounting plugin AppleMoviePlayer
LogPluginManager: Mounting plugin ArchVisCharacter
LogPluginManager: Mounting plugin ScreenshotTools
LogPluginManager: Mounting plugin AssetTags
LogPluginManager: Mounting plugin AudioCapture
LogPluginManager: Mounting plugin AudioSynesthesia
LogPluginManager: Mounting plugin CableComponent
LogPluginManager: Mounting plugin ChunkDownloader
LogPluginManager: Mounting plugin CustomMeshComponent
LogPluginManager: Mounting plugin EditableMesh
LogPluginManager: Mounting plugin ExampleDeviceProfileSelector
LogPluginManager: Mounting plugin GoogleCloudMessaging
LogPluginManager: Mounting plugin GooglePAD
LogPluginManager: Mounting plugin IOSDeviceProfileSelector
LogPluginManager: Mounting plugin LinuxDeviceProfileSelector
LogPluginManager: Mounting plugin LocationServicesBPLibrary
LogPluginManager: Mounting plugin MobilePatchingUtils
LogPluginManager: Mounting plugin OpenXR
LogPluginManager: Mounting plugin OpenXREyeTracker
LogPluginManager: Mounting plugin OpenXRHandTracking
LogPluginManager: Mounting plugin Takes
LogPluginManager: Mounting plugin PhysXVehicles
LogPluginManager: Mounting plugin PostSplashScreen
LogPluginManager: Mounting plugin RuntimePhysXCooking
LogPluginManager: Mounting plugin PropertyAccessEditor
LogPluginManager: Mounting plugin ProceduralMeshComponent
LogPluginManager: Mounting plugin SignificanceManager
LogPluginManager: Mounting plugin SoundFields
LogPluginManager: Mounting plugin Synthesis
LogPluginManager: Mounting plugin WebMMoviePlayer
LogPluginManager: Mounting plugin WindowsMoviePlayer
LogPluginManager: Mounting plugin ContentBrowserAssetDataSource
LogPluginManager: Mounting plugin ContentBrowserClassDataSource
LogPluginManager: Mounting plugin ContentBrowserFileDataSource
LogPluginManager: Mounting plugin OnlineSubsystemGooglePlay
LogPluginManager: Mounting plugin OnlineSubsystemIOS
LogPluginManager: Mounting plugin OculusVR
LogPluginManager: Mounting plugin SteamVR
PixWinPlugin: PIX capture plugin failed to initialize! Check that the process is launched from PIX.
LogInit: Using libcurl 7.55.1-DEV
LogInit:  - built for x86_64-pc-win32
LogInit:  - supports SSL with OpenSSL/1.1.1
LogInit:  - supports HTTP deflate (compression) using libz 1.2.8
LogInit:  - other features:
LogInit:      CURL_VERSION_SSL
LogInit:      CURL_VERSION_LIBZ
LogInit:      CURL_VERSION_IPV6
LogInit:      CURL_VERSION_ASYNCHDNS
LogInit:      CURL_VERSION_LARGEFILE
LogInit:      CURL_VERSION_IDN
LogInit:  CurlRequestOptions (configurable via config and command line):
LogInit:  - bVerifyPeer = true  - Libcurl will verify peer certificate
LogInit:  - bUseHttpProxy = false  - Libcurl will NOT use HTTP proxy
LogInit:  - bDontReuseConnections = false  - Libcurl will reuse connections
LogInit:  - MaxHostConnections = 16  - Libcurl will limit the number of connections to a host
LogInit:  - LocalHostAddr = Default
LogInit:  - BufferSize = 65536
LogOnline: OSS: Creating online subsystem instance for: NULL
LogInit: WinSock: version 1.1 (2.2), MaxSocks=32767, MaxUdp=65467
LogOnline: OSS: TryLoadSubsystemAndSetDefault: Loaded subsystem for module [NULL]
LogOculusPluginWrapper: OculusPlugin initialized successfully
LogHMD: Failed initializing OVRPlugin 1.59.0
LogInit: Build: ++UE4+Release-4.27-CL-18319896
LogInit: Engine Version: 4.27.2-18319896+++UE4+Release-4.27
LogInit: Compatible Engine Version: 4.27.0-17155196+++UE4+Release-4.27
LogInit: Net CL: 17155196
LogInit: OS: Windows 10 (Release 2009) (), CPU: Intel(R) Core(TM) i7-9700 CPU @ 3.00GHz, GPU: Radeon RX 5500 XT
LogInit: Compiled (64-bit): Nov 30 2021 07:12:08
LogInit: Compiled with Visual C++: 19.24.28315.00
LogInit: Build Configuration: Development
LogInit: Branch Name: ++UE4+Release-4.27
LogInit: Command Line:  -EpicPortal -epicusername="Leinad DH" -epicuserid=bb40e13f8ce7480099fd97ac90295552 -epiclocale=es-MX -epicsandboxid=ue
LogInit: Base Directory: C:/Program Files/Epic Games/UE_4.27/Engine/Binaries/Win64/
LogInit: Allocator: TBB
LogInit: Installed Engine Build: 1
LogDevObjectVersion: Number of dev versions registered: 29
LogDevObjectVersion:   Dev-Blueprints (B0D832E4-1F89-4F0D-ACCF-7EB736FD4AA2): 10
LogDevObjectVersion:   Dev-Build (E1C64328-A22C-4D53-A36C-8E866417BD8C): 0
LogDevObjectVersion:   Dev-Core (375EC13C-06E4-48FB-B500-84F0262A717E): 4
LogDevObjectVersion:   Dev-Editor (E4B068ED-F494-42E9-A231-DA0B2E46BB41): 40
LogDevObjectVersion:   Dev-Framework (CFFC743F-43B0-4480-9391-14DF171D2073): 37
LogDevObjectVersion:   Dev-Mobile (B02B49B5-BB20-44E9-A304-32B752E40360): 3
LogDevObjectVersion:   Dev-Networking (A4E4105C-59A1-49B5-A7C5-40C4547EDFEE): 0
LogDevObjectVersion:   Dev-Online (39C831C9-5AE6-47DC-9A44-9C173E1C8E7C): 0
LogDevObjectVersion:   Dev-Physics (78F01B33-EBEA-4F98-B9B4-84EACCB95AA2): 14
LogDevObjectVersion:   Dev-Platform (6631380F-2D4D-43E0-8009-CF276956A95A): 0
LogDevObjectVersion:   Dev-Rendering (12F88B9F-8875-4AFC-A67C-D90C383ABD29): 45
LogDevObjectVersion:   Dev-Sequencer (7B5AE74C-D270-4C10-A958-57980B212A5A): 13
LogDevObjectVersion:   Dev-VR (D7296918-1DD6-4BDD-9DE2-64A83CC13884): 3
LogDevObjectVersion:   Dev-LoadTimes (C2A15278-BFE7-4AFE-6C17-90FF531DF755): 1
LogDevObjectVersion:   Private-Geometry (6EACA3D4-40EC-4CC1-B786-8BED09428FC5): 3
LogDevObjectVersion:   Dev-AnimPhys (29E575DD-E0A3-4627-9D10-D276232CDCEA): 17
LogDevObjectVersion:   Dev-Anim (AF43A65D-7FD3-4947-9873-3E8ED9C1BB05): 15
LogDevObjectVersion:   Dev-ReflectionCapture (6B266CEC-1EC7-4B8F-A30B-E4D90942FC07): 1
LogDevObjectVersion:   Dev-Automation (0DF73D61-A23F-47EA-B727-89E90C41499A): 1
LogDevObjectVersion:   FortniteMain (601D1886-AC64-4F84-AA16-D3DE0DEAC7D6): 47
LogDevObjectVersion:   FortniteRelease (E7086368-6B23-4C58-8439-1B7016265E91): 1
LogDevObjectVersion:   Dev-Enterprise (9DFFBCD6-494F-0158-E221-12823C92A888): 10
LogDevObjectVersion:   Dev-Niagara (F2AED0AC-9AFE-416F-8664-AA7FFA26D6FC): 1
LogDevObjectVersion:   Dev-Destruction (174F1F0B-B4C6-45A5-B13F-2EE8D0FB917D): 10
LogDevObjectVersion:   Dev-Physics-Ext (35F94A83-E258-406C-A318-09F59610247C): 41
LogDevObjectVersion:   Dev-PhysicsMaterial-Chaos (B68FC16E-8B1B-42E2-B453-215C058844FE): 1
LogDevObjectVersion:   Dev-CineCamera (B2E18506-4273-CFC2-A54E-F4BB758BBA07): 1
LogDevObjectVersion:   Dev-VirtualProduction (64F58936-FD1B-42BA-BA96-7289D5D0FA4E): 1
LogDevObjectVersion:   Dev-MediaFramework (6F0ED827-A609-4895-9C91-998D90180EA4): 2
LogInit: Presizing for max 25165824 objects, including 0 objects not considered by GC, pre-allocating 0 bytes for permanent pool.
LogConfig: Applying CVar settings from Section [/Script/Engine.StreamingSettings] File [C:/Users/Azul 13/Downloads/ProyectDC/proyectbc/ProyectBC/Saved/Config/Windows/Engine.ini]
LogConfig: Setting CVar [[s.MinBulkDataSizeForAsyncLoading:131072]]
LogConfig: Setting CVar [[s.AsyncLoadingThreadEnabled:0]]
LogConfig: Setting CVar [[s.EventDrivenLoaderEnabled:1]]
LogConfig: Setting CVar [[s.WarnIfTimeLimitExceeded:0]]
LogConfig: Setting CVar [[s.TimeLimitExceededMultiplier:1.5]]
LogConfig: Setting CVar [[s.TimeLimitExceededMinTime:0.005]]
LogConfig: Setting CVar [[s.UseBackgroundLevelStreaming:1]]
LogConfig: Setting CVar [[s.PriorityAsyncLoadingExtraTime:15.0]]
LogConfig: Setting CVar [[s.LevelStreamingActorsUpdateTimeLimit:5.0]]
LogConfig: Setting CVar [[s.PriorityLevelStreamingActorsUpdateExtraTime:5.0]]
LogConfig: Setting CVar [[s.LevelStreamingComponentsRegistrationGranularity:10]]
LogConfig: Setting CVar [[s.UnregisterComponentsTimeLimit:1.0]]
LogConfig: Setting CVar [[s.LevelStreamingComponentsUnregistrationGranularity:5]]
LogConfig: Setting CVar [[s.FlushStreamingOnExit:1]]
LogInit: Object subsystem initialized
LogConfig: Setting CVar [[con.DebugEarlyDefault:1]]
LogConfig: Setting CVar [[r.setres:1280x720]]
[2023.08.29-23.17.37:298][  0]LogConfig: Setting CVar [[r.VSync:0]]
[2023.08.29-23.17.37:298][  0]LogConfig: Setting CVar [[r.RHICmdBypass:0]]
[2023.08.29-23.17.37:298][  0]LogConfig: Applying CVar settings from Section [/Script/Engine.RendererSettings] File [C:/Users/Azul 13/Downloads/ProyectDC/proyectbc/ProyectBC/Saved/Config/Windows/Engine.ini]
[2023.08.29-23.17.37:298][  0]LogConfig: Setting CVar [[r.GPUCrashDebugging:0]]
[2023.08.29-23.17.37:298][  0]LogConfig: Applying CVar settings from Section [/Script/Engine.RendererOverrideSettings] File [C:/Users/Azul 13/Downloads/ProyectDC/proyectbc/ProyectBC/Saved/Config/Windows/Engine.ini]
[2023.08.29-23.17.37:298][  0]LogConfig: Applying CVar settings from Section [/Script/Engine.StreamingSettings] File [C:/Users/Azul 13/Downloads/ProyectDC/proyectbc/ProyectBC/Saved/Config/Windows/Engine.ini]
[2023.08.29-23.17.37:298][  0]LogConfig: Setting CVar [[s.MinBulkDataSizeForAsyncLoading:131072]]
[2023.08.29-23.17.37:298][  0]LogConfig: Setting CVar [[s.AsyncLoadingThreadEnabled:0]]
[2023.08.29-23.17.37:298][  0]LogConfig: Setting CVar [[s.EventDrivenLoaderEnabled:1]]
[2023.08.29-23.17.37:298][  0]LogConfig: Setting CVar [[s.WarnIfTimeLimitExceeded:0]]
[2023.08.29-23.17.37:298][  0]LogConfig: Setting CVar [[s.TimeLimitExceededMultiplier:1.5]]
[2023.08.29-23.17.37:298][  0]LogConfig: Setting CVar [[s.TimeLimitExceededMinTime:0.005]]
[2023.08.29-23.17.37:298][  0]LogConfig: Setting CVar [[s.UseBackgroundLevelStreaming:1]]
[2023.08.29-23.17.37:298][  0]LogConfig: Setting CVar [[s.PriorityAsyncLoadingExtraTime:15.0]]
[2023.08.29-23.17.37:298][  0]LogConfig: Setting CVar [[s.LevelStreamingActorsUpdateTimeLimit:5.0]]
[2023.08.29-23.17.37:298][  0]LogConfig: Setting CVar [[s.PriorityLevelStreamingActorsUpdateExtraTime:5.0]]
[2023.08.29-23.17.37:298][  0]LogConfig: Setting CVar [[s.LevelStreamingComponentsRegistrationGranularity:10]]
[2023.08.29-23.17.37:298][  0]LogConfig: Setting CVar [[s.UnregisterComponentsTimeLimit:1.0]]
[2023.08.29-23.17.37:298][  0]LogConfig: Setting CVar [[s.LevelStreamingComponentsUnregistrationGranularity:5]]
[2023.08.29-23.17.37:298][  0]LogConfig: Setting CVar [[s.FlushStreamingOnExit:1]]
[2023.08.29-23.17.37:298][  0]LogConfig: Applying CVar settings from Section [/Script/Engine.GarbageCollectionSettings] File [C:/Users/Azul 13/Downloads/ProyectDC/proyectbc/ProyectBC/Saved/Config/Windows/Engine.ini]
[2023.08.29-23.17.37:298][  0]LogConfig: Setting CVar [[gc.MaxObjectsNotConsideredByGC:1]]
[2023.08.29-23.17.37:298][  0]LogConfig: Setting CVar [[gc.SizeOfPermanentObjectPool:0]]
[2023.08.29-23.17.37:298][  0]LogConfig: Setting CVar [[gc.FlushStreamingOnGC:0]]
[2023.08.29-23.17.37:298][  0]LogConfig: Setting CVar [[gc.NumRetriesBeforeForcingGC:10]]
[2023.08.29-23.17.37:298][  0]LogConfig: Setting CVar [[gc.AllowParallelGC:1]]
[2023.08.29-23.17.37:298][  0]LogConfig: Setting CVar [[gc.TimeBetweenPurgingPendingKillObjects:61.1]]
[2023.08.29-23.17.37:298][  0]LogConfig: Setting CVar [[gc.MaxObjectsInEditor:25165824]]
[2023.08.29-23.17.37:298][  0]LogConfig: Setting CVar [[gc.IncrementalBeginDestroyEnabled:1]]
[2023.08.29-23.17.37:298][  0]LogConfig: Setting CVar [[gc.CreateGCClusters:1]]
[2023.08.29-23.17.37:298][  0]LogConfig: Setting CVar [[gc.MinGCClusterSize:5]]
[2023.08.29-23.17.37:298][  0]LogConfig: Setting CVar [[gc.ActorClusteringEnabled:0]]
[2023.08.29-23.17.37:298][  0]LogConfig: Setting CVar [[gc.BlueprintClusteringEnabled:0]]
[2023.08.29-23.17.37:298][  0]LogConfig: Setting CVar [[gc.UseDisregardForGCOnDedicatedServers:0]]
[2023.08.29-23.17.37:298][  0]LogConfig: Setting CVar [[gc.MultithreadedDestructionEnabled:1]]
[2023.08.29-23.17.37:298][  0]LogConfig: Applying CVar settings from Section [/Script/Engine.NetworkSettings] File [C:/Users/Azul 13/Downloads/ProyectDC/proyectbc/ProyectBC/Saved/Config/Windows/Engine.ini]
[2023.08.29-23.17.37:298][  0]LogConfig: Applying CVar settings from Section [/Script/UnrealEd.CookerSettings] File [C:/Users/Azul 13/Downloads/ProyectDC/proyectbc/ProyectBC/Saved/Config/Windows/Engine.ini]
[2023.08.29-23.17.37:302][  0]LogConfig: Applying CVar settings from Section [ViewDistanceQuality@3] File [C:/Users/Azul 13/Downloads/ProyectDC/proyectbc/ProyectBC/Saved/Config/Windows/Scalability.ini]
[2023.08.29-23.17.37:302][  0]LogConfig: Setting CVar [[r.SkeletalMeshLODBias:0]]
[2023.08.29-23.17.37:302][  0]LogConfig: Setting CVar [[r.ViewDistanceScale:1.0]]
[2023.08.29-23.17.37:302][  0]LogConfig: Applying CVar settings from Section [AntiAliasingQuality@3] File [C:/Users/Azul 13/Downloads/ProyectDC/proyectbc/ProyectBC/Saved/Config/Windows/Scalability.ini]
[2023.08.29-23.17.37:302][  0]LogConfig: Setting CVar [[r.PostProcessAAQuality:4]]
[2023.08.29-23.17.37:302][  0]LogConfig: Applying CVar settings from Section [ShadowQuality@3] File [C:/Users/Azul 13/Downloads/ProyectDC/proyectbc/ProyectBC/Saved/Config/Windows/Scalability.ini]
[2023.08.29-23.17.37:302][  0]LogConfig: Setting CVar [[r.LightFunctionQuality:1]]
[2023.08.29-23.17.37:302][  0]LogConfig: Setting CVar [[r.ShadowQuality:5]]
[2023.08.29-23.17.37:302][  0]LogConfig: Setting CVar [[r.Shadow.CSM.MaxCascades:10]]
[2023.08.29-23.17.37:302][  0]LogConfig: Setting CVar [[r.Shadow.MaxResolution:2048]]
[2023.08.29-23.17.37:302][  0]LogConfig: Setting CVar [[r.Shadow.MaxCSMResolution:2048]]
[2023.08.29-23.17.37:302][  0]LogConfig: Setting CVar [[r.Shadow.RadiusThreshold:0.01]]
[2023.08.29-23.17.37:302][  0]LogConfig: Setting CVar [[r.Shadow.DistanceScale:1.0]]
[2023.08.29-23.17.37:302][  0]LogConfig: Setting CVar [[r.Shadow.CSM.TransitionScale:1.0]]
[2023.08.29-23.17.37:302][  0]LogConfig: Setting CVar [[r.Shadow.PreShadowResolutionFactor:1.0]]
[2023.08.29-23.17.37:302][  0]LogConfig: Setting CVar [[r.DistanceFieldShadowing:1]]
[2023.08.29-23.17.37:302][  0]LogConfig: Setting CVar [[r.DistanceFieldAO:1]]
[2023.08.29-23.17.37:302][  0]LogConfig: Setting CVar [[r.AOQuality:2]]
[2023.08.29-23.17.37:302][  0]LogConfig: Setting CVar [[r.VolumetricFog:1]]
[2023.08.29-23.17.37:302][  0]LogConfig: Setting CVar [[r.VolumetricFog.GridPixelSize:8]]
[2023.08.29-23.17.37:302][  0]LogConfig: Setting CVar [[r.VolumetricFog.GridSizeZ:128]]
[2023.08.29-23.17.37:302][  0]LogConfig: Setting CVar [[r.VolumetricFog.HistoryMissSupersampleCount:4]]
[2023.08.29-23.17.37:302][  0]LogConfig: Setting CVar [[r.LightMaxDrawDistanceScale:1]]
[2023.08.29-23.17.37:302][  0]LogConfig: Setting CVar [[r.CapsuleShadows:1]]
[2023.08.29-23.17.37:302][  0]LogConfig: Applying CVar settings from Section [PostProcessQuality@3] File [C:/Users/Azul 13/Downloads/ProyectDC/proyectbc/ProyectBC/Saved/Config/Windows/Scalability.ini]
[2023.08.29-23.17.37:302][  0]LogConfig: Setting CVar [[r.MotionBlurQuality:4]]
[2023.08.29-23.17.37:302][  0]LogConfig: Setting CVar [[r.AmbientOcclusionMipLevelFactor:0.4]]
[2023.08.29-23.17.37:302][  0]LogConfig: Setting CVar [[r.AmbientOcclusionMaxQuality:100]]
[2023.08.29-23.17.37:302][  0]LogConfig: Setting CVar [[r.AmbientOcclusionLevels:-1]]
[2023.08.29-23.17.37:302][  0]LogConfig: Setting CVar [[r.AmbientOcclusionRadiusScale:1.0]]
[2023.08.29-23.17.37:302][  0]LogConfig: Setting CVar [[r.DepthOfFieldQuality:2]]
[2023.08.29-23.17.37:302][  0]LogConfig: Setting CVar [[r.RenderTargetPoolMin:400]]
[2023.08.29-23.17.37:302][  0]LogConfig: Setting CVar [[r.LensFlareQuality:2]]
[2023.08.29-23.17.37:302][  0]LogConfig: Setting CVar [[r.SceneColorFringeQuality:1]]
[2023.08.29-23.17.37:302][  0]LogConfig: Setting CVar [[r.EyeAdaptationQuality:2]]
[2023.08.29-23.17.37:302][  0]LogConfig: Setting CVar [[r.BloomQuality:5]]
[2023.08.29-23.17.37:302][  0]LogConfig: Setting CVar [[r.FastBlurThreshold:100]]
[2023.08.29-23.17.37:302][  0]LogConfig: Setting CVar [[r.Upscale.Quality:3]]
[2023.08.29-23.17.37:302][  0]LogConfig: Setting CVar [[r.Tonemapper.GrainQuantization:1]]
[2023.08.29-23.17.37:302][  0]LogConfig: Setting CVar [[r.LightShaftQuality:1]]
[2023.08.29-23.17.37:302][  0]LogConfig: Setting CVar [[r.Filter.SizeScale:1]]
[2023.08.29-23.17.37:302][  0]LogConfig: Setting CVar [[r.Tonemapper.Quality:5]]
[2023.08.29-23.17.37:302][  0]LogConfig: Setting CVar [[r.DOF.Gather.AccumulatorQuality:1        ; higher gathering accumulator quality]]
[2023.08.29-23.17.37:302][  0]LogConfig: Setting CVar [[r.DOF.Gather.PostfilterMethod:1          ; Median3x3 postfilering method]]
[2023.08.29-23.17.37:302][  0]LogConfig: Setting CVar [[r.DOF.Gather.EnableBokehSettings:0       ; no bokeh simulation when gathering]]
[2023.08.29-23.17.37:302][  0]LogConfig: Setting CVar [[r.DOF.Gather.RingCount:4                 ; medium number of samples when gathering]]
[2023.08.29-23.17.37:302][  0]LogConfig: Setting CVar [[r.DOF.Scatter.ForegroundCompositing:1    ; additive foreground scattering]]
[2023.08.29-23.17.37:302][  0]LogConfig: Setting CVar [[r.DOF.Scatter.BackgroundCompositing:2    ; additive background scattering]]
[2023.08.29-23.17.37:303][  0]LogConfig: Setting CVar [[r.DOF.Scatter.EnableBokehSettings:1      ; bokeh simulation when scattering]]
[2023.08.29-23.17.37:303][  0]LogConfig: Setting CVar [[r.DOF.Scatter.MaxSpriteRatio:0.1         ; only a maximum of 10% of scattered bokeh]]
[2023.08.29-23.17.37:303][  0]LogConfig: Setting CVar [[r.DOF.Recombine.Quality:1                ; cheap slight out of focus]]
[2023.08.29-23.17.37:303][  0]LogConfig: Setting CVar [[r.DOF.Recombine.EnableBokehSettings:0    ; no bokeh simulation on slight out of focus]]
[2023.08.29-23.17.37:303][  0]LogConfig: Setting CVar [[r.DOF.TemporalAAQuality:1                ; more stable temporal accumulation]]
[2023.08.29-23.17.37:303][  0]LogConfig: Setting CVar [[r.DOF.Kernel.MaxForegroundRadius:0.025]]
[2023.08.29-23.17.37:303][  0]LogConfig: Setting CVar [[r.DOF.Kernel.MaxBackgroundRadius:0.025]]
[2023.08.29-23.17.37:303][  0]LogConfig: Applying CVar settings from Section [TextureQuality@3] File [C:/Users/Azul 13/Downloads/ProyectDC/proyectbc/ProyectBC/Saved/Config/Windows/Scalability.ini]
[2023.08.29-23.17.37:303][  0]LogConfig: Setting CVar [[r.Streaming.MipBias:0]]
[2023.08.29-23.17.37:303][  0]LogConfig: Setting CVar [[r.Streaming.AmortizeCPUToGPUCopy:0]]
[2023.08.29-23.17.37:303][  0]LogConfig: Setting CVar [[r.Streaming.MaxNumTexturesToStreamPerFrame:0]]
[2023.08.29-23.17.37:303][  0]LogConfig: Setting CVar [[r.Streaming.Boost:1]]
[2023.08.29-23.17.37:303][  0]LogConfig: Setting CVar [[r.MaxAnisotropy:8]]
[2023.08.29-23.17.37:303][  0]LogConfig: Setting CVar [[r.VT.MaxAnisotropy:8]]
[2023.08.29-23.17.37:303][  0]LogConfig: Setting CVar [[r.Streaming.LimitPoolSizeToVRAM:0]]
[2023.08.29-23.17.37:303][  0]LogConfig: Setting CVar [[r.Streaming.PoolSize:1000]]
[2023.08.29-23.17.37:303][  0]LogConfig: Setting CVar [[r.Streaming.MaxEffectiveScreenSize:0]]
[2023.08.29-23.17.37:303][  0]LogConfig: Applying CVar settings from Section [EffectsQuality@3] File [C:/Users/Azul 13/Downloads/ProyectDC/proyectbc/ProyectBC/Saved/Config/Windows/Scalability.ini]
[2023.08.29-23.17.37:303][  0]LogConfig: Setting CVar [[r.TranslucencyLightingVolumeDim:64]]
[2023.08.29-23.17.37:303][  0]LogConfig: Setting CVar [[r.RefractionQuality:2]]
[2023.08.29-23.17.37:303][  0]LogConfig: Setting CVar [[r.SSR.Quality:3]]
[2023.08.29-23.17.37:303][  0]LogConfig: Setting CVar [[r.SSR.HalfResSceneColor:0]]
[2023.08.29-23.17.37:303][  0]LogConfig: Setting CVar [[r.SceneColorFormat:4]]
[2023.08.29-23.17.37:303][  0]LogConfig: Setting CVar [[r.DetailMode:2]]
[2023.08.29-23.17.37:303][  0]LogConfig: Setting CVar [[r.TranslucencyVolumeBlur:1]]
[2023.08.29-23.17.37:303][  0]LogConfig: Setting CVar [[r.MaterialQualityLevel:1 ; High quality]]
[2023.08.29-23.17.37:303][  0]LogConfig: Setting CVar [[r.AnisotropicMaterials:1]]
[2023.08.29-23.17.37:303][  0]LogConfig: Setting CVar [[r.SSS.Scale:1]]
[2023.08.29-23.17.37:303][  0]LogConfig: Setting CVar [[r.SSS.SampleSet:2]]
[2023.08.29-23.17.37:303][  0]LogConfig: Setting CVar [[r.SSS.Quality:1]]
[2023.08.29-23.17.37:303][  0]LogConfig: Setting CVar [[r.SSS.HalfRes:0]]
[2023.08.29-23.17.37:303][  0]LogConfig: Setting CVar [[r.SSGI.Quality:3]]
[2023.08.29-23.17.37:303][  0]LogConfig: Setting CVar [[r.EmitterSpawnRateScale:1.0]]
[2023.08.29-23.17.37:303][  0]LogConfig: Setting CVar [[r.ParticleLightQuality:2]]
[2023.08.29-23.17.37:303][  0]LogConfig: Setting CVar [[r.SkyAtmosphere.AerialPerspectiveLUT.FastApplyOnOpaque:1 ; Always have FastSkyLUT 1 in this case to avoid wrong sky]]
[2023.08.29-23.17.37:303][  0]LogConfig: Setting CVar [[r.SkyAtmosphere.AerialPerspectiveLUT.SampleCountMaxPerSlice:4]]
[2023.08.29-23.17.37:303][  0]LogConfig: Setting CVar [[r.SkyAtmosphere.AerialPerspectiveLUT.DepthResolution:16.0]]
[2023.08.29-23.17.37:303][  0]LogConfig: Setting CVar [[r.SkyAtmosphere.FastSkyLUT:1]]
[2023.08.29-23.17.37:303][  0]LogConfig: Setting CVar [[r.SkyAtmosphere.FastSkyLUT.SampleCountMin:4.0]]
[2023.08.29-23.17.37:303][  0]LogConfig: Setting CVar [[r.SkyAtmosphere.FastSkyLUT.SampleCountMax:128.0]]
[2023.08.29-23.17.37:303][  0]LogConfig: Setting CVar [[r.SkyAtmosphere.SampleCountMin:4.0]]
[2023.08.29-23.17.37:303][  0]LogConfig: Setting CVar [[r.SkyAtmosphere.SampleCountMax:128.0]]
[2023.08.29-23.17.37:303][  0]LogConfig: Setting CVar [[r.SkyAtmosphere.TransmittanceLUT.UseSmallFormat:0]]
[2023.08.29-23.17.37:303][  0]LogConfig: Setting CVar [[r.SkyAtmosphere.TransmittanceLUT.SampleCount:10.0]]
[2023.08.29-23.17.37:303][  0]LogConfig: Setting CVar [[r.SkyAtmosphere.MultiScatteringLUT.SampleCount:15.0]]
[2023.08.29-23.17.37:303][  0]LogConfig: Setting CVar [[r.SkyLight.RealTimeReflectionCapture:1]]
[2023.08.29-23.17.37:303][  0]LogConfig: Applying CVar settings from Section [FoliageQuality@3] File [C:/Users/Azul 13/Downloads/ProyectDC/proyectbc/ProyectBC/Saved/Config/Windows/Scalability.ini]
[2023.08.29-23.17.37:303][  0]LogConfig: Setting CVar [[foliage.DensityScale:1.0]]
[2023.08.29-23.17.37:303][  0]LogConfig: Setting CVar [[grass.DensityScale:1.0]]
[2023.08.29-23.17.37:303][  0]LogConfig: Applying CVar settings from Section [ShadingQuality@3] File [C:/Users/Azul 13/Downloads/ProyectDC/proyectbc/ProyectBC/Saved/Config/Windows/Scalability.ini]
[2023.08.29-23.17.37:303][  0]LogConfig: Setting CVar [[r.HairStrands.SkyLighting.IntegrationType:2]]
[2023.08.29-23.17.37:303][  0]LogConfig: Setting CVar [[r.HairStrands.SkyAO.SampleCount:4]]
[2023.08.29-23.17.37:303][  0]LogConfig: Setting CVar [[r.HairStrands.Visibility.MSAA.SamplePerPixel:4]]
[2023.08.29-23.17.37:303][  0]LogInit: Selected Device Profile: [Windows]
[2023.08.29-23.17.37:303][  0]LogInit: Applying CVar settings loaded from the selected device profile: [Windows]
[2023.08.29-23.17.37:303][  0]LogHAL: Display: Platform has ~ 24 GB [25711087616 / 34359738368 / 24], which maps to Larger [LargestMinGB=32, LargerMinGB=12, DefaultMinGB=8, SmallerMinGB=6, SmallestMinGB=0)
[2023.08.29-23.17.37:303][  0]LogInit: Going up to parent DeviceProfile []
[2023.08.29-23.17.37:303][  0]LogConfig: Applying CVar settings from Section [ViewDistanceQuality@3] File [C:/Users/Azul 13/Downloads/ProyectDC/proyectbc/ProyectBC/Saved/Config/Windows/Scalability.ini]
[2023.08.29-23.17.37:303][  0]LogConfig: Setting CVar [[r.SkeletalMeshLODBias:0]]
[2023.08.29-23.17.37:303][  0]LogConfig: Setting CVar [[r.ViewDistanceScale:1.0]]
[2023.08.29-23.17.37:303][  0]LogConfig: Applying CVar settings from Section [AntiAliasingQuality@3] File [C:/Users/Azul 13/Downloads/ProyectDC/proyectbc/ProyectBC/Saved/Config/Windows/Scalability.ini]
[2023.08.29-23.17.37:303][  0]LogConfig: Setting CVar [[r.PostProcessAAQuality:4]]
[2023.08.29-23.17.37:303][  0]LogConfig: Applying CVar settings from Section [ShadowQuality@3] File [C:/Users/Azul 13/Downloads/ProyectDC/proyectbc/ProyectBC/Saved/Config/Windows/Scalability.ini]
[2023.08.29-23.17.37:303][  0]LogConfig: Setting CVar [[r.LightFunctionQuality:1]]
[2023.08.29-23.17.37:303][  0]LogConfig: Setting CVar [[r.ShadowQuality:5]]
[2023.08.29-23.17.37:303][  0]LogConfig: Setting CVar [[r.Shadow.CSM.MaxCascades:10]]
[2023.08.29-23.17.37:303][  0]LogConfig: Setting CVar [[r.Shadow.MaxResolution:2048]]
[2023.08.29-23.17.37:303][  0]LogConfig: Setting CVar [[r.Shadow.MaxCSMResolution:2048]]
[2023.08.29-23.17.37:303][  0]LogConfig: Setting CVar [[r.Shadow.RadiusThreshold:0.01]]
[2023.08.29-23.17.37:303][  0]LogConfig: Setting CVar [[r.Shadow.DistanceScale:1.0]]
[2023.08.29-23.17.37:303][  0]LogConfig: Setting CVar [[r.Shadow.CSM.TransitionScale:1.0]]
[2023.08.29-23.17.37:303][  0]LogConfig: Setting CVar [[r.Shadow.PreShadowResolutionFactor:1.0]]
[2023.08.29-23.17.37:303][  0]LogConfig: Setting CVar [[r.DistanceFieldShadowing:1]]
[2023.08.29-23.17.37:303][  0]LogConfig: Setting CVar [[r.DistanceFieldAO:1]]
[2023.08.29-23.17.37:303][  0]LogConfig: Setting CVar [[r.AOQuality:2]]
[2023.08.29-23.17.37:303][  0]LogConfig: Setting CVar [[r.VolumetricFog:1]]
[2023.08.29-23.17.37:303][  0]LogConfig: Setting CVar [[r.VolumetricFog.GridPixelSize:8]]
[2023.08.29-23.17.37:303][  0]LogConfig: Setting CVar [[r.VolumetricFog.GridSizeZ:128]]
[2023.08.29-23.17.37:303][  0]LogConfig: Setting CVar [[r.VolumetricFog.HistoryMissSupersampleCount:4]]
[2023.08.29-23.17.37:303][  0]LogConfig: Setting CVar [[r.LightMaxDrawDistanceScale:1]]
[2023.08.29-23.17.37:303][  0]LogConfig: Setting CVar [[r.CapsuleShadows:1]]
[2023.08.29-23.17.37:303][  0]LogConfig: Applying CVar settings from Section [PostProcessQuality@3] File [C:/Users/Azul 13/Downloads/ProyectDC/proyectbc/ProyectBC/Saved/Config/Windows/Scalability.ini]
[2023.08.29-23.17.37:303][  0]LogConfig: Setting CVar [[r.MotionBlurQuality:4]]
[2023.08.29-23.17.37:303][  0]LogConfig: Setting CVar [[r.AmbientOcclusionMipLevelFactor:0.4]]
[2023.08.29-23.17.37:303][  0]LogConfig: Setting CVar [[r.AmbientOcclusionMaxQuality:100]]
[2023.08.29-23.17.37:303][  0]LogConfig: Setting CVar [[r.AmbientOcclusionLevels:-1]]
[2023.08.29-23.17.37:303][  0]LogConfig: Setting CVar [[r.AmbientOcclusionRadiusScale:1.0]]
[2023.08.29-23.17.37:303][  0]LogConfig: Setting CVar [[r.DepthOfFieldQuality:2]]
[2023.08.29-23.17.37:303][  0]LogConfig: Setting CVar [[r.RenderTargetPoolMin:400]]
[2023.08.29-23.17.37:303][  0]LogConfig: Setting CVar [[r.LensFlareQuality:2]]
[2023.08.29-23.17.37:303][  0]LogConfig: Setting CVar [[r.SceneColorFringeQuality:1]]
[2023.08.29-23.17.37:303][  0]LogConfig: Setting CVar [[r.EyeAdaptationQuality:2]]
[2023.08.29-23.17.37:303][  0]LogConfig: Setting CVar [[r.BloomQuality:5]]
[2023.08.29-23.17.37:303][  0]LogConfig: Setting CVar [[r.FastBlurThreshold:100]]
[2023.08.29-23.17.37:303][  0]LogConfig: Setting CVar [[r.Upscale.Quality:3]]
[2023.08.29-23.17.37:303][  0]LogConfig: Setting CVar [[r.Tonemapper.GrainQuantization:1]]
[2023.08.29-23.17.37:303][  0]LogConfig: Setting CVar [[r.LightShaftQuality:1]]
[2023.08.29-23.17.37:303][  0]LogConfig: Setting CVar [[r.Filter.SizeScale:1]]
[2023.08.29-23.17.37:303][  0]LogConfig: Setting CVar [[r.Tonemapper.Quality:5]]
[2023.08.29-23.17.37:303][  0]LogConfig: Setting CVar [[r.DOF.Gather.AccumulatorQuality:1        ; higher gathering accumulator quality]]
[2023.08.29-23.17.37:303][  0]LogConfig: Setting CVar [[r.DOF.Gather.PostfilterMethod:1          ; Median3x3 postfilering method]]
[2023.08.29-23.17.37:303][  0]LogConfig: Setting CVar [[r.DOF.Gather.EnableBokehSettings:0       ; no bokeh simulation when gathering]]
[2023.08.29-23.17.37:303][  0]LogConfig: Setting CVar [[r.DOF.Gather.RingCount:4                 ; medium number of samples when gathering]]
[2023.08.29-23.17.37:303][  0]LogConfig: Setting CVar [[r.DOF.Scatter.ForegroundCompositing:1    ; additive foreground scattering]]
[2023.08.29-23.17.37:303][  0]LogConfig: Setting CVar [[r.DOF.Scatter.BackgroundCompositing:2    ; additive background scattering]]
[2023.08.29-23.17.37:303][  0]LogConfig: Setting CVar [[r.DOF.Scatter.EnableBokehSettings:1      ; bokeh simulation when scattering]]
[2023.08.29-23.17.37:304][  0]LogConfig: Setting CVar [[r.DOF.Scatter.MaxSpriteRatio:0.1         ; only a maximum of 10% of scattered bokeh]]
[2023.08.29-23.17.37:304][  0]LogConfig: Setting CVar [[r.DOF.Recombine.Quality:1                ; cheap slight out of focus]]
[2023.08.29-23.17.37:304][  0]LogConfig: Setting CVar [[r.DOF.Recombine.EnableBokehSettings:0    ; no bokeh simulation on slight out of focus]]
[2023.08.29-23.17.37:304][  0]LogConfig: Setting CVar [[r.DOF.TemporalAAQuality:1                ; more stable temporal accumulation]]
[2023.08.29-23.17.37:304][  0]LogConfig: Setting CVar [[r.DOF.Kernel.MaxForegroundRadius:0.025]]
[2023.08.29-23.17.37:304][  0]LogConfig: Setting CVar [[r.DOF.Kernel.MaxBackgroundRadius:0.025]]
[2023.08.29-23.17.37:304][  0]LogConfig: Applying CVar settings from Section [TextureQuality@3] File [C:/Users/Azul 13/Downloads/ProyectDC/proyectbc/ProyectBC/Saved/Config/Windows/Scalability.ini]
[2023.08.29-23.17.37:304][  0]LogConfig: Setting CVar [[r.Streaming.MipBias:0]]
[2023.08.29-23.17.37:304][  0]LogConfig: Setting CVar [[r.Streaming.AmortizeCPUToGPUCopy:0]]
[2023.08.29-23.17.37:304][  0]LogConfig: Setting CVar [[r.Streaming.MaxNumTexturesToStreamPerFrame:0]]
[2023.08.29-23.17.37:304][  0]LogConfig: Setting CVar [[r.Streaming.Boost:1]]
[2023.08.29-23.17.37:304][  0]LogConfig: Setting CVar [[r.MaxAnisotropy:8]]
[2023.08.29-23.17.37:304][  0]LogConfig: Setting CVar [[r.VT.MaxAnisotropy:8]]
[2023.08.29-23.17.37:304][  0]LogConfig: Setting CVar [[r.Streaming.LimitPoolSizeToVRAM:0]]
[2023.08.29-23.17.37:304][  0]LogConfig: Setting CVar [[r.Streaming.PoolSize:1000]]
[2023.08.29-23.17.37:304][  0]LogConfig: Setting CVar [[r.Streaming.MaxEffectiveScreenSize:0]]
[2023.08.29-23.17.37:304][  0]LogConfig: Applying CVar settings from Section [EffectsQuality@3] File [C:/Users/Azul 13/Downloads/ProyectDC/proyectbc/ProyectBC/Saved/Config/Windows/Scalability.ini]
[2023.08.29-23.17.37:304][  0]LogConfig: Setting CVar [[r.TranslucencyLightingVolumeDim:64]]
[2023.08.29-23.17.37:304][  0]LogConfig: Setting CVar [[r.RefractionQuality:2]]
[2023.08.29-23.17.37:304][  0]LogConfig: Setting CVar [[r.SSR.Quality:3]]
[2023.08.29-23.17.37:304][  0]LogConfig: Setting CVar [[r.SSR.HalfResSceneColor:0]]
[2023.08.29-23.17.37:304][  0]LogConfig: Setting CVar [[r.SceneColorFormat:4]]
[2023.08.29-23.17.37:304][  0]LogConfig: Setting CVar [[r.DetailMode:2]]
[2023.08.29-23.17.37:304][  0]LogConfig: Setting CVar [[r.TranslucencyVolumeBlur:1]]
[2023.08.29-23.17.37:304][  0]LogConfig: Setting CVar [[r.MaterialQualityLevel:1 ; High quality]]
[2023.08.29-23.17.37:304][  0]LogConfig: Setting CVar [[r.AnisotropicMaterials:1]]
[2023.08.29-23.17.37:304][  0]LogConfig: Setting CVar [[r.SSS.Scale:1]]
[2023.08.29-23.17.37:304][  0]LogConfig: Setting CVar [[r.SSS.SampleSet:2]]
[2023.08.29-23.17.37:304][  0]LogConfig: Setting CVar [[r.SSS.Quality:1]]
[2023.08.29-23.17.37:304][  0]LogConfig: Setting CVar [[r.SSS.HalfRes:0]]
[2023.08.29-23.17.37:304][  0]LogConfig: Setting CVar [[r.SSGI.Quality:3]]
[2023.08.29-23.17.37:304][  0]LogConfig: Setting CVar [[r.EmitterSpawnRateScale:1.0]]
[2023.08.29-23.17.37:304][  0]LogConfig: Setting CVar [[r.ParticleLightQuality:2]]
[2023.08.29-23.17.37:304][  0]LogConfig: Setting CVar [[r.SkyAtmosphere.AerialPerspectiveLUT.FastApplyOnOpaque:1 ; Always have FastSkyLUT 1 in this case to avoid wrong sky]]
[2023.08.29-23.17.37:304][  0]LogConfig: Setting CVar [[r.SkyAtmosphere.AerialPerspectiveLUT.SampleCountMaxPerSlice:4]]
[2023.08.29-23.17.37:304][  0]LogConfig: Setting CVar [[r.SkyAtmosphere.AerialPerspectiveLUT.DepthResolution:16.0]]
[2023.08.29-23.17.37:304][  0]LogConfig: Setting CVar [[r.SkyAtmosphere.FastSkyLUT:1]]
[2023.08.29-23.17.37:304][  0]LogConfig: Setting CVar [[r.SkyAtmosphere.FastSkyLUT.SampleCountMin:4.0]]
[2023.08.29-23.17.37:304][  0]LogConfig: Setting CVar [[r.SkyAtmosphere.FastSkyLUT.SampleCountMax:128.0]]
[2023.08.29-23.17.37:304][  0]LogConfig: Setting CVar [[r.SkyAtmosphere.SampleCountMin:4.0]]
[2023.08.29-23.17.37:304][  0]LogConfig: Setting CVar [[r.SkyAtmosphere.SampleCountMax:128.0]]
[2023.08.29-23.17.37:304][  0]LogConfig: Setting CVar [[r.SkyAtmosphere.TransmittanceLUT.UseSmallFormat:0]]
[2023.08.29-23.17.37:304][  0]LogConfig: Setting CVar [[r.SkyAtmosphere.TransmittanceLUT.SampleCount:10.0]]
[2023.08.29-23.17.37:304][  0]LogConfig: Setting CVar [[r.SkyAtmosphere.MultiScatteringLUT.SampleCount:15.0]]
[2023.08.29-23.17.37:304][  0]LogConfig: Setting CVar [[r.SkyLight.RealTimeReflectionCapture:1]]
[2023.08.29-23.17.37:304][  0]LogConfig: Applying CVar settings from Section [FoliageQuality@3] File [C:/Users/Azul 13/Downloads/ProyectDC/proyectbc/ProyectBC/Saved/Config/Windows/Scalability.ini]
[2023.08.29-23.17.37:304][  0]LogConfig: Setting CVar [[foliage.DensityScale:1.0]]
[2023.08.29-23.17.37:304][  0]LogConfig: Setting CVar [[grass.DensityScale:1.0]]
[2023.08.29-23.17.37:304][  0]LogConfig: Applying CVar settings from Section [ShadingQuality@3] File [C:/Users/Azul 13/Downloads/ProyectDC/proyectbc/ProyectBC/Saved/Config/Windows/Scalability.ini]
[2023.08.29-23.17.37:304][  0]LogConfig: Setting CVar [[r.HairStrands.SkyLighting.IntegrationType:2]]
[2023.08.29-23.17.37:304][  0]LogConfig: Setting CVar [[r.HairStrands.SkyAO.SampleCount:4]]
[2023.08.29-23.17.37:304][  0]LogConfig: Setting CVar [[r.HairStrands.Visibility.MSAA.SamplePerPixel:4]]
[2023.08.29-23.17.37:304][  0]LogConfig: Applying CVar settings from Section [Startup] File [../../../Engine/Config/ConsoleVariables.ini]
[2023.08.29-23.17.37:304][  0]LogConfig: Setting CVar [[net.UseAdaptiveNetUpdateFrequency:0]]
[2023.08.29-23.17.37:304][  0]LogConfig: Setting CVar [[p.chaos.AllowCreatePhysxBodies:1]]
[2023.08.29-23.17.37:304][  0]LogConfig: Setting CVar [[fx.SkipVectorVMBackendOptimizations:1]]
[2023.08.29-23.17.37:304][  0]LogConfig: Applying CVar settings from Section [ConsoleVariables] File [C:/Users/Azul 13/Downloads/ProyectDC/proyectbc/ProyectBC/Saved/Config/Windows/Engine.ini]
[2023.08.29-23.17.37:304][  0]LogConfig: Applying CVar settings from Section [ConsoleVariables] File [C:/Users/Azul 13/Downloads/ProyectDC/proyectbc/ProyectBC/Saved/Config/Windows/Editor.ini]
[2023.08.29-23.17.37:304][  0]LogInit: Computer: AZUL13
[2023.08.29-23.17.37:304][  0]LogInit: User: Azul13
[2023.08.29-23.17.37:304][  0]LogInit: CPU Page size=4096, Cores=8
[2023.08.29-23.17.37:304][  0]LogInit: High frequency timer resolution =10.000000 MHz
[2023.08.29-23.17.37:304][  0]LogMemory: Memory total: Physical=23.9GB (24GB approx)
[2023.08.29-23.17.37:304][  0]LogMemory: Platform Memory Stats for Windows
[2023.08.29-23.17.37:304][  0]LogMemory: Process Physical Memory: 144.25 MB used, 144.25 MB peak
[2023.08.29-23.17.37:304][  0]LogMemory: Process Virtual Memory: 128.52 MB used, 128.52 MB peak
[2023.08.29-23.17.37:304][  0]LogMemory: Physical Memory: 6951.70 MB used,  17568.31 MB free, 24520.00 MB total
[2023.08.29-23.17.37:304][  0]LogMemory: Virtual Memory: 134198536.00 MB used,  19191.48 MB free, 134217728.00 MB total
[2023.08.29-23.17.37:308][  0]LogWindows: WindowsPlatformFeatures enabled
[2023.08.29-23.17.37:323][  0]LogInit: Physics initialised using underlying interface: PhysX
[2023.08.29-23.17.37:323][  0]LogInit: Using OS detected language (es-MX).
[2023.08.29-23.17.37:323][  0]LogInit: Using OS detected locale (es-MX).
[2023.08.29-23.17.37:325][  0]LogTextLocalizationResource: LocRes '../../../Engine/Content/Localization/Editor/es-MX/Editor.locres' could not be opened for reading!
[2023.08.29-23.17.37:326][  0]LogTextLocalizationResource: LocRes '../../../Engine/Content/Localization/EditorTutorials/es-MX/EditorTutorials.locres' could not be opened for reading!
[2023.08.29-23.17.37:326][  0]LogTextLocalizationResource: LocRes '../../../Engine/Content/Localization/Keywords/es-MX/Keywords.locres' could not be opened for reading!
[2023.08.29-23.17.37:326][  0]LogTextLocalizationResource: LocRes '../../../Engine/Content/Localization/Category/es-MX/Category.locres' could not be opened for reading!
[2023.08.29-23.17.37:326][  0]LogTextLocalizationResource: LocRes '../../../Engine/Content/Localization/ToolTips/es-MX/ToolTips.locres' could not be opened for reading!
[2023.08.29-23.17.37:326][  0]LogTextLocalizationResource: LocRes '../../../Engine/Content/Localization/PropertyNames/es-MX/PropertyNames.locres' could not be opened for reading!
[2023.08.29-23.17.37:326][  0]LogTextLocalizationResource: LocRes '../../../Engine/Content/Localization/Engine/es-MX/Engine.locres' could not be opened for reading!
[2023.08.29-23.17.37:326][  0]LogTextLocalizationResource: LocRes '../../../Engine/Plugins/Online/OnlineSubsystemUtils/Content/Localization/OnlineSubsystemUtils/es-MX/OnlineSubsystemUtils.locres' could not be opened for reading!
[2023.08.29-23.17.37:326][  0]LogTextLocalizationResource: LocRes '../../../Engine/Plugins/Online/Android/OnlineSubsystemGooglePlay/Content/Localization/OnlineSubsystemGooglePlay/es-MX/OnlineSubsystemGooglePlay.locres' could not be opened for reading!
[2023.08.29-23.17.37:326][  0]LogTextLocalizationResource: LocRes '../../../Engine/Plugins/Online/IOS/OnlineSubsystemIOS/Content/Localization/OnlineSubsystemIOS/es-MX/OnlineSubsystemIOS.locres' could not be opened for reading!
[2023.08.29-23.17.37:349][  0]LogInit: Setting process to per monitor DPI aware
[2023.08.29-23.17.37:358][  0]LogWindowsTextInputMethodSystem: Display: IME system deactivated.
[2023.08.29-23.17.37:367][  0]LogSlate: New Slate User Created.  User Index 0, Is Virtual User: 0
[2023.08.29-23.17.37:367][  0]LogSlate: Slate User Registered.  User Index 0, Is Virtual User: 0
[2023.08.29-23.17.37:461][  0]LogD3D11RHI: Loaded GFSDK_Aftermath_Lib.x64.dll
[2023.08.29-23.17.37:462][  0]LogHMD: Failed to initialize OpenVR with code 110
[2023.08.29-23.17.37:462][  0]LogD3D11RHI: D3D11 min allowed feature level: 11_0
[2023.08.29-23.17.37:463][  0]LogD3D11RHI: D3D11 max allowed feature level: 11_0
[2023.08.29-23.17.37:463][  0]LogD3D11RHI: D3D11 adapters:
[2023.08.29-23.17.37:495][  0]LogD3D11RHI:    0. 'Radeon RX 5500 XT' (Feature Level 11_0)
[2023.08.29-23.17.37:495][  0]LogD3D11RHI:       4055/0/12260 MB DedicatedVideo/DedicatedSystem/SharedSystem, Outputs:1, VendorId:0x1002
[2023.08.29-23.17.37:496][  0]LogD3D11RHI:    1. 'Microsoft Basic Render Driver' (Feature Level 11_0)
[2023.08.29-23.17.37:496][  0]LogD3D11RHI:       0/0/12260 MB DedicatedVideo/DedicatedSystem/SharedSystem, Outputs:0, VendorId:0x1414
[2023.08.29-23.17.37:496][  0]LogD3D11RHI: Chosen D3D11 Adapter:
[2023.08.29-23.17.37:496][  0]LogD3D11RHI:     Description : Radeon RX 5500 XT
[2023.08.29-23.17.37:496][  0]LogD3D11RHI:     VendorId    : 1002
[2023.08.29-23.17.37:496][  0]LogD3D11RHI:     DeviceId    : 7340
[2023.08.29-23.17.37:496][  0]LogD3D11RHI:     SubSysId    : 231a1458
[2023.08.29-23.17.37:496][  0]LogD3D11RHI:     Revision    : 00c5
[2023.08.29-23.17.37:496][  0]LogD3D11RHI:     DedicatedVideoMemory : 4252504064 bytes
[2023.08.29-23.17.37:496][  0]LogD3D11RHI:     DedicatedSystemMemory : 0 bytes
[2023.08.29-23.17.37:496][  0]LogD3D11RHI:     SharedSystemMemory : 12855543808 bytes
[2023.08.29-23.17.37:496][  0]LogD3D11RHI:     AdapterLuid : 0 51109
[2023.08.29-23.17.37:500][  0]LogD3D11RHI: Creating new Direct3DDevice
[2023.08.29-23.17.37:500][  0]LogD3D11RHI:     GPU DeviceId: 0x7340 (for the marketing name, search the web for "GPU Device Id")
[2023.08.29-23.17.37:500][  0]LogWindows: EnumDisplayDevices:
[2023.08.29-23.17.37:500][  0]LogWindows:    0. 'Radeon RX 5500 XT' (P:1 D:1)
[2023.08.29-23.17.37:500][  0]LogWindows:    1. 'Radeon RX 5500 XT' (P:0 D:0)
[2023.08.29-23.17.37:500][  0]LogWindows:    2. 'Radeon RX 5500 XT' (P:0 D:0)
[2023.08.29-23.17.37:501][  0]LogWindows:    3. 'Radeon RX 5500 XT' (P:0 D:0)
[2023.08.29-23.17.37:501][  0]LogWindows:    4. 'Radeon RX 5500 XT' (P:0 D:0)
[2023.08.29-23.17.37:501][  0]LogWindows:    5. 'Radeon RX 5500 XT' (P:0 D:0)
[2023.08.29-23.17.37:501][  0]LogWindows: DebugString: FoundDriverCount:6 
[2023.08.29-23.17.37:501][  0]LogD3D11RHI:     Adapter Name: Radeon RX 5500 XT
[2023.08.29-23.17.37:501][  0]LogD3D11RHI:   Driver Version: AMD Software: Adrenalin Edition 22.20.27.09 (internal:31.0.12027.9001, unified:31.0.12027.9001)
[2023.08.29-23.17.37:501][  0]LogD3D11RHI:      Driver Date: 3-30-2023
[2023.08.29-23.17.37:501][  0]LogRHI: Texture pool is 2413 MB (70% of 3447 MB)
[2023.08.29-23.17.37:518][  0]LogD3D11RHI: Creating D3DDevice with AMD AGS, using adapter:
[2023.08.29-23.17.37:518][  0]LogD3D11RHI:     Description : Radeon RX 5500 XT
[2023.08.29-23.17.37:518][  0]LogD3D11RHI:     VendorId    : 1002
[2023.08.29-23.17.37:518][  0]LogD3D11RHI:     DeviceId    : 7340
[2023.08.29-23.17.37:518][  0]LogD3D11RHI:     SubSysId    : 231a1458
[2023.08.29-23.17.37:518][  0]LogD3D11RHI:     Revision    : 00c5
[2023.08.29-23.17.37:518][  0]LogD3D11RHI:     DedicatedVideoMemory : 4252504064 bytes
[2023.08.29-23.17.37:518][  0]LogD3D11RHI:     DedicatedSystemMemory : 0 bytes
[2023.08.29-23.17.37:518][  0]LogD3D11RHI:     SharedSystemMemory : 12855543808 bytes
[2023.08.29-23.17.37:518][  0]LogD3D11RHI:     AdapterLuid : 0 51109
[2023.08.29-23.17.37:546][  0]LogD3D11RHI: Created device via AGS, feature level 11_0, supported extensions 1fffffbf.
[2023.08.29-23.17.37:546][  0]LogD3D11RHI: RHI has support for 64 bit atomics
[2023.08.29-23.17.37:546][  0]LogD3D11RHI: Async texture creation enabled
[2023.08.29-23.17.37:546][  0]LogD3D11RHI: Array index from any shader is supported
[2023.08.29-23.17.37:558][  0]LogD3D11RHI: GPU Timing Frequency: 100.000000 (Debug: 2 1)
[2023.08.29-23.17.37:778][  0]LogTargetPlatformManager: Display: Loaded TargetPlatform 'AllDesktop'
[2023.08.29-23.17.37:794][  0]LogTargetPlatformManager: Display: Loaded TargetPlatform 'Android'
[2023.08.29-23.17.37:794][  0]LogTargetPlatformManager: Display: Loaded TargetPlatform 'Android_ASTC'
[2023.08.29-23.17.37:794][  0]LogTargetPlatformManager: Display: Loaded TargetPlatform 'Android_DXT'
[2023.08.29-23.17.37:794][  0]LogTargetPlatformManager: Display: Loaded TargetPlatform 'Android_ETC2'
[2023.08.29-23.17.37:794][  0]LogTargetPlatformManager: Display: Loaded TargetPlatform 'AndroidClient'
[2023.08.29-23.17.37:794][  0]LogTargetPlatformManager: Display: Loaded TargetPlatform 'Android_ASTCClient'
[2023.08.29-23.17.37:794][  0]LogTargetPlatformManager: Display: Loaded TargetPlatform 'Android_DXTClient'
[2023.08.29-23.17.37:794][  0]LogTargetPlatformManager: Display: Loaded TargetPlatform 'Android_ETC2Client'
[2023.08.29-23.17.37:794][  0]LogTargetPlatformManager: Display: Loaded TargetPlatform 'Android_Multi'
[2023.08.29-23.17.37:794][  0]LogTargetPlatformManager: Display: Loaded TargetPlatform 'Android_MultiClient'
[2023.08.29-23.17.37:807][  0]LogTargetPlatformManager: Display: Loaded TargetPlatform 'IOSClient'
[2023.08.29-23.17.37:807][  0]LogTargetPlatformManager: Display: Loaded TargetPlatform 'IOS'
[2023.08.29-23.17.37:815][  0]LogTargetPlatformManager: Display: Loaded TargetPlatform 'Linux'
[2023.08.29-23.17.37:818][  0]LogTargetPlatformManager: Display: Loaded TargetPlatform 'LinuxNoEditor'
[2023.08.29-23.17.37:822][  0]LogTargetPlatformManager: Display: Loaded TargetPlatform 'LinuxClient'
[2023.08.29-23.17.37:825][  0]LogTargetPlatformManager: Display: Loaded TargetPlatform 'LinuxServer'
[2023.08.29-23.17.37:832][  0]LogTargetPlatformManager: Display: Loaded TargetPlatform 'LinuxAArch64NoEditor'
[2023.08.29-23.17.37:836][  0]LogTargetPlatformManager: Display: Loaded TargetPlatform 'LinuxAArch64Client'
[2023.08.29-23.17.37:838][  0]LogTargetPlatformManager: Display: Loaded TargetPlatform 'LinuxAArch64Server'
[2023.08.29-23.17.37:855][  0]LogTargetPlatformManager: Display: Loaded TargetPlatform 'Lumin'
[2023.08.29-23.17.37:855][  0]LogTargetPlatformManager: Display: Loaded TargetPlatform 'LuminClient'
[2023.08.29-23.17.37:862][  0]LogTargetPlatformManager: Display: Loaded TargetPlatform 'MacNoEditor'
[2023.08.29-23.17.37:865][  0]LogTargetPlatformManager: Display: Loaded TargetPlatform 'Mac'
[2023.08.29-23.17.37:868][  0]LogTargetPlatformManager: Display: Loaded TargetPlatform 'MacClient'
[2023.08.29-23.17.37:871][  0]LogTargetPlatformManager: Display: Loaded TargetPlatform 'MacServer'
[2023.08.29-23.17.37:878][  0]LogTargetPlatformManager: Display: Loaded TargetPlatform 'TVOSClient'
[2023.08.29-23.17.37:878][  0]LogTargetPlatformManager: Display: Loaded TargetPlatform 'TVOS'
[2023.08.29-23.17.37:884][  0]LogTargetPlatformManager: Display: Loaded TargetPlatform 'WindowsNoEditor'
[2023.08.29-23.17.37:887][  0]LogTargetPlatformManager: Display: Loaded TargetPlatform 'Windows'
[2023.08.29-23.17.37:890][  0]LogTargetPlatformManager: Display: Loaded TargetPlatform 'WindowsClient'
[2023.08.29-23.17.37:893][  0]LogTargetPlatformManager: Display: Loaded TargetPlatform 'WindowsServer'
[2023.08.29-23.17.37:893][  0]LogTargetPlatformManager: Display: Building Assets For Windows
[2023.08.29-23.17.37:898][  0]LogAudioDebug: Display: Lib vorbis DLL was dynamically loaded.
[2023.08.29-23.17.37:920][  0]LogTextureFormatOodle: Display: Oodle Texture 2.9.0 init RDO Off
[2023.08.29-23.17.37:941][  0]LogRendererCore: Ray tracing is disabled. Reason: r.RayTracing=0.
[2023.08.29-23.17.37:941][  0]LogShaderCompilers: Guid format shader working directory is -24 characters bigger than the processId version (../../../../../../Users/Azul 13/Downloads/ProyectDC/proyectbc/ProyectBC/Intermediate/Shaders/WorkingDirectory/10852/).
[2023.08.29-23.17.37:941][  0]LogShaderCompilers: Cleaned the shader compiler working directory 'C:/Users/Azul 13/AppData/Local/Temp/UnrealShaderWorkingDir/E7FFC24645267B8262CFA8A46FE4867B/'.
[2023.08.29-23.17.37:942][  0]LogXGEController: Cannot use XGE Controller as Incredibuild is not installed on this machine.
[2023.08.29-23.17.37:942][  0]LogShaderCompilers: Cannot use XGE Shader Compiler as Incredibuild is not installed on this machine.
[2023.08.29-23.17.37:942][  0]LogShaderCompilers: Display: Using Local Shader Compiler.
[2023.08.29-23.17.38:558][  0]LogDerivedDataCache: Display: Max Cache Size: 512 MB
[2023.08.29-23.17.38:603][  0]LogDerivedDataCache: Loaded boot cache 0.04s 94MB C:/Users/Azul 13/AppData/Local/UnrealEngine/4.27/DerivedDataCache/Boot.ddc.
[2023.08.29-23.17.38:603][  0]LogDerivedDataCache: Display: Loaded Boot cache: C:/Users/Azul 13/AppData/Local/UnrealEngine/4.27/DerivedDataCache/Boot.ddc
[2023.08.29-23.17.38:603][  0]LogDerivedDataCache: FDerivedDataBackendGraph:  Pak pak cache file ../../../../../../Users/Azul 13/Downloads/ProyectDC/proyectbc/ProyectBC/DerivedDataCache/DDC.ddp not found, will not use a pak cache.
[2023.08.29-23.17.38:603][  0]LogDerivedDataCache: Unable to find inner node Pak for hierarchical cache Hierarchy.
[2023.08.29-23.17.38:603][  0]LogDerivedDataCache: FDerivedDataBackendGraph:  CompressedPak pak cache file ../../../../../../Users/Azul 13/Downloads/ProyectDC/proyectbc/ProyectBC/DerivedDataCache/Compressed.ddp not found, will not use a pak cache.
[2023.08.29-23.17.38:603][  0]LogDerivedDataCache: Unable to find inner node CompressedPak for hierarchical cache Hierarchy.
[2023.08.29-23.17.38:617][  0]LogDerivedDataCache: Display: Pak cache opened for reading ../../../Engine/DerivedDataCache/Compressed.ddp.
[2023.08.29-23.17.38:617][  0]LogDerivedDataCache: FDerivedDataBackendGraph:  EnterprisePak pak cache file ../../../Enterprise/DerivedDataCache/Compressed.ddp not found, will not use a pak cache.
[2023.08.29-23.17.38:617][  0]LogDerivedDataCache: Unable to find inner node EnterprisePak for hierarchical cache Hierarchy.
[2023.08.29-23.17.38:621][  0]LogDerivedDataCache: Speed tests for C:/Users/Azul 13/AppData/Local/UnrealEngine/Common/DerivedDataCache took 0.00 seconds
[2023.08.29-23.17.38:621][  0]LogDerivedDataCache: Display: Performance to C:/Users/Azul 13/AppData/Local/UnrealEngine/Common/DerivedDataCache: Latency=0.02ms. RandomReadSpeed=1718.78MBs, RandomWriteSpeed=245.06MBs. Assigned SpeedClass 'Local'
[2023.08.29-23.17.38:622][  0]LogDerivedDataCache: Using Local data cache path C:/Users/Azul 13/AppData/Local/UnrealEngine/Common/DerivedDataCache: Writable
[2023.08.29-23.17.38:622][  0]LogDerivedDataCache: Shared data cache path not found in *engine.ini, will not use an Shared cache.
[2023.08.29-23.17.38:622][  0]LogDerivedDataCache: Unable to find inner node Shared for hierarchical cache Hierarchy.
[2023.08.29-23.17.38:664][  0]LogSlate: Using FreeType 2.10.0
[2023.08.29-23.17.38:664][  0]LogSlate: SlateFontServices - WITH_FREETYPE: 1, WITH_HARFBUZZ: 1
[2023.08.29-23.17.38:688][  0]LogAssetRegistry: FAssetRegistry took 0.0020 seconds to start up
[2023.08.29-23.17.38:865][  0]LogInit: Selected Device Profile: [Windows]
[2023.08.29-23.17.38:865][  0]LogInit: Active device profile: [00000208C8326900][00000208C5103440 49] Windows
[2023.08.29-23.17.38:865][  0]LogInit: Profiles: [00000208C8326900][00000208C5103440 49] Windows, [00000208C82DD900][00000208BA4B55C0 49] WindowsNoEditor, [00000208C8325900][00000208BA4B9740 49] WindowsServer, [00000208C82DD300][00000208BA4BD8C0 49] WindowsClient, [00000208C8325200][00000208BA4C1A40 49] IOS, [00000208C82DFB00][00000208BA4C5BC0 49] iPadAir, [00000208C8327E00][00000208BA4C81C0 49] iPadAir2, [00000208C8286900][00000208C0D78480 49] IPadPro, [00000208C8286A00][00000208BA4CC4C0 49] iPadAir3, [00000208C8324100][00000208C0D7C640 49] iPadAir4, [00000208C8287400][00000208C0D807C0 49] iPadMini2, [00000208C8327400][00000208C0D84940 49] iPadMini3, [00000208C8285900][00000208BA4B0A80 49] iPadMini4, [00000208C8325E00][00000208C0D94BC0 49] iPadMini5, [00000208C82CE200][00000208C007EE40 49] iPhone6, [00000208C82CE300][00000208C0D9CE80 49] iPodTouch6, [00000208C8285F00][00000208C008F140 49] iPhone7, [00000208C8286000][00000208C0087180 49] iPodTouch7, [00000208C82CEC00][00000208C0093300 49] iPhone5S, [00000208C8284A00][00000208C0097480 49] iPhone6Plus, [00000208C82CDB00][00000208C009B600 49] iPhone6S, [00000208C8286F00][00000208C009F780 49] iPhone6SPlus, [00000208C82CD600][00000208C00A3900 49] iPhone7Plus, [00000208C8286600][00000208C00A7A80 49] iPhoneSE, [00000208C82CE400][00000208C00ABC00 49] iPhone8, [00000208C8286500][00000208C00AE200 49] iPhone8Plus, [00000208C82CD700][00000208C89D8380 49] iPhoneX, [00000208C8285300][00000208C89DC500 49] iPhoneXS, [00000208C82CD800][00000208C89E0680 49] iPhoneXSMax, [00000208C8284C00][00000208C8A8A800 49] iPhoneXR, [00000208C82CDC00][00000208C8AE2980 49] iPhone11, [00000208C8286D00][00000208C8AE6B00 49] iPhone11Pro, [00000208C82CD100][00000208C007AC40 49] iPhone11ProMax, [00000208C8285600][00000208C8AEAD80 49] iPhoneSE2, [00000208C82CF600][00000208C8AF2EC0 49] iPhone12Mini, [00000208C8284100][00000208C8B07040 49] iPhone12, [00000208C82CCC00][00000208C8B0F1C0 49] iPhone12Pro, [00000208C8287A00][00000208C89C5340 49] iPhone12ProMax, [00000208C82CC600][00000208C89C94C0 49] iPadPro105, [00000208C8285400][00000208C89CD640 49] iPadPro129, [00000208C82CC700][00000208C8B1B7C0 49] iPadPro97, [00000208C8286200][00000208BF8F5940 49] iPadPro2_129, [00000208C82CD500][00000208BF919AC0 49] iPad5, [00000208C8284600][00000208BF91C0C0 49] iPad6, [00000208C82CD900][00000208BFF94240 49] iPad7, [00000208C8286B00][00000208BFF983C0 49] iPad8, [00000208C82CEA00][00000208BFF9C540 49] iPadPro11, [00000208C8287F00][00000208BFFA06C0 49] iPadPro2_11, [00000208C82CE000][00000208BFFA4840 49] iPadPro3_129, [00000208C82DED00][00000208C8B409C0 49] iPadPro4_129, [00000208C8379200][00000208C8C06B40 49] AppleTV, [00000208C82DDE00][00000208C8C0ACC0 49] AppleTV4K, [00000208C8378B00][00000208C8B02E00 49] TVOS, [00000208C82DD700][00000208C8C3EF40 49] Mac, [00000208C8379000][00000208C8C43080 49] MacClient, [00000208C82DCC00][00000208C8D791C0 49] MacNoEditor, [00000208C8379B00][00000208C8DC1340 49] MacServer, [00000208C82DE400][00000208C8DC54C0 49] Linux, [00000208C8378D00][00000208C8DD5640 49] LinuxAArch64, [00000208C82DC400][00000208C8DD97C0 49] LinuxNoEditor, [00000208C8379700][00000208C8DE1940 49] LinuxAArch64NoEditor, [00000208C82CCA00][00000208C8DE5AC0 49] LinuxClient, [00000208C8286400][00000208C8DE80C0 49] LinuxAArch64Client, [00000208C82CC400][00000208C8DEC240 49] LinuxServer, [00000208C8285500][00000208C8DF03C0 49] LinuxAArch64Server, [00000208C82CED00][00000208C8DF4540 49] Android, [00000208C8285800][00000208C8DF86C0 49] Android_Low, [00000208C82CF900][00000208C8DFC840 49] Android_Mid, [00000208C8287B00][00000208C8E009C0 49] Android_High, [00000208C82CE700][00000208C8E04B40 49] Android_Default, [00000208C8286700][00000208C8F74CC0 49] Android_Adreno4xx, [00000208C82CF300][00000208C8F84E40 49] Android_Adreno5xx_Low, [00000208C8285A00][00000208C8DBCF80 49] Android_Adreno5xx, [00000208C82CF200][00000208C8F9D0C0 49] Android_Adreno6xx, [00000208C8287800][00000208C92EB200 49] Android_Adreno6xx_Vulkan, [00000208C82CDE00][00000208C92EF340 49] Android_Mali_T6xx, [00000208C8287900][00000208C92F74C0 49] Android_Mali_T7xx, [00000208C82CF500][00000208C9339640 49] Android_Mali_T8xx, [00000208C8287700][00000208C933D7C0 49] Android_Mali_G71, [00000208C82CE900][00000208C9341940 49] Android_Mali_G72, [00000208C8287C00][00000208C9349AC0 49] Android_Mali_G72_Vulkan, [00000208C82CDF00][00000208C934C0C0 49] Android_Mali_G76, [00000208C8379600][00000208C89E8240 49] Android_Mali_G76_Vulkan, [00000208C82CC300][00000208C89EC3C0 49] Android_Mali_G77, [00000208C8378700][00000208C89F0540 49] Android_Mali_G77_Vulkan, [00000208C82CE500][00000208C89F46C0 49] Android_Mali_G78, [00000208C8287100][00000208C92FA840 49] Android_Mali_G78_Vulkan, [00000208C82CE600][00000208C93449C0 49] Android_Mali_G710, [00000208C8287300][00000208C8A1AB40 49] Android_Mali_G710_Vulkan, [00000208C82CCE00][00000208C8A1ECC0 49] Android_Vulkan_SM5, [00000208C8286E00][00000208C8A22E40 49] Android_PowerVR_G6xxx, [00000208C82CEB00][00000208C8DB8FC0 49] Android_PowerVR_GT7xxx, [00000208C8284300][00000208C89D1140 49] Android_PowerVR_GE8xxx, [00000208C82CF000][00000208C92F3280 49] Android_PowerVR_GM9xxx, [00000208C8285D00][00000208C89D53C0 49] Android_PowerVR_GM9xxx_Vulkan, [00000208C82CD400][00000208C8D7D500 49] Android_TegraK1, [00000208C8284400][00000208C8D85680 49] Android_Unknown_Vulkan, [00000208C82CFE00][00000208C8D89800 49] Lumin, [00000208C8287600][00000208C8D8D980 49] Lumin_Desktop, [00000208C82CCB00][00000208C8D91B00 49] HoloLens, 
[2023.08.29-23.17.38:963][  0]LogMeshReduction: Using QuadricMeshReduction for automatic static mesh reduction
[2023.08.29-23.17.38:963][  0]LogMeshReduction: Using SimplygonMeshReduction for automatic skeletal mesh reduction
[2023.08.29-23.17.38:963][  0]LogMeshReduction: Using ProxyLODMeshReduction for automatic mesh merging
[2023.08.29-23.17.38:963][  0]LogMeshReduction: No distributed automatic mesh merging module available
[2023.08.29-23.17.38:963][  0]LogMeshMerging: No distributed automatic mesh merging module available
[2023.08.29-23.17.38:974][  0]LogNetVersion: ProyectBC 1.0.0, NetCL: 17155196, EngineNetVer: 17, GameNetVer: 0 (Checksum: 3599008523)
[2023.08.29-23.17.39:279][  0]LogTexture: Default maximum texture size for cubemaps generated from long-lat sources has been changed from 512 to unlimited. In order to preserve old behaiour for '/Engine/MapTemplates/Sky/DaylightAmbientCubemap.DaylightAmbientCubemap', its maximum texture size has been explicitly set to 512.
[2023.08.29-23.17.39:326][  0]LogHMD: PokeAHoleMaterial loaded successfully
[2023.08.29-23.17.39:332][  0]LogUObjectArray: 17178 objects as part of root set at end of initial load.
[2023.08.29-23.17.39:332][  0]LogUObjectAllocator: 4302048 out of 0 bytes used by permanent object pool.
[2023.08.29-23.17.39:332][  0]LogUObjectArray: CloseDisregardForGC: 0/0 objects in disregard for GC pool
[2023.08.29-23.17.39:542][  0]LogNiagaraDebuggerClient: Niagara Debugger Client Initialized | Session: 695F578942B220319D6394957C0E3D19 | Instance: BDC8B46E4E48BB2DBDD25893B717995D (AZUL13-10852).
[2023.08.29-23.17.39:658][  0]LogPython: Using Python 3.7.7
[2023.08.29-23.17.40:075][  0]LogTcpMessaging: Initializing TcpMessaging bridge
[2023.08.29-23.17.40:079][  0]LogUdpMessaging: Initializing bridge on interface 0.0.0.0:0 to multicast group 230.0.0.1:6666.
[2023.08.29-23.17.40:184][  0]SourceControl: El control de código fuente está desactivado
[2023.08.29-23.17.40:184][  0]SourceControl: El control de código fuente está desactivado
[2023.08.29-23.17.40:186][  0]SourceControl: El control de código fuente está desactivado
[2023.08.29-23.17.40:188][  0]SourceControl: El control de código fuente está desactivado
[2023.08.29-23.17.40:191][  0]SourceControl: El control de código fuente está desactivado
[2023.08.29-23.17.40:201][  0]LogUProjectInfo: Found projects:
[2023.08.29-23.17.40:378][  0]LogOpenImageDenoise: OIDN starting up
[2023.08.29-23.17.40:387][  0]LogAndroidPermission: UAndroidPermissionCallbackProxy::GetInstance
[2023.08.29-23.17.40:405][  0]LogAudioCaptureCore: Display: No Audio Capture implementations found. Audio input will be silent.
[2023.08.29-23.17.40:405][  0]LogAudioCaptureCore: Display: No Audio Capture implementations found. Audio input will be silent.
[2023.08.29-23.17.40:490][  0]LogCollectionManager: Loaded 0 collections in 0.001082 seconds
[2023.08.29-23.17.40:507][  0]LogFileCache: Scanning file cache for directory 'C:/Users/Azul 13/Downloads/ProyectDC/proyectbc/ProyectBC/Saved/Collections/' took 0.00s
[2023.08.29-23.17.40:507][  0]LogFileCache: Scanning file cache for directory 'C:/Users/Azul 13/Downloads/ProyectDC/proyectbc/ProyectBC/Content/Developers/Azul13/Collections/' took 0.00s
[2023.08.29-23.17.40:507][  0]LogFileCache: Scanning file cache for directory 'C:/Users/Azul 13/Downloads/ProyectDC/proyectbc/ProyectBC/Content/Collections/' took 0.00s
[2023.08.29-23.17.40:507][  0]LogOcInput: OculusInput pre-init called
[2023.08.29-23.17.40:709][  0]LogEngine: Initializing Engine...
[2023.08.29-23.17.40:757][  0]LogHMD: Failed to enumerate extensions. Please check that you have a valid OpenXR runtime installed.
[2023.08.29-23.17.40:757][  0]LogHMD: Failed to initialize OpenVR with code 110
[2023.08.29-23.17.40:758][  0]LogMagicLeap: Warning: VR disabled because ZI is not enabled.  To enable, in the editor, Edit -> Project Settings -> Plugins -> Magic Leap Plugin -> Enable Zero Iteration
[2023.08.29-23.17.40:758][  0]LogStats: UGameplayTagsManager::InitializeManager -  0.000 s
[2023.08.29-23.17.40:843][  0]LogInit: Initializing FReadOnlyCVARCache
[2023.08.29-23.17.40:849][  0]LogAIModule: Creating AISystem for world Untitled
[2023.08.29-23.17.40:865][  0]LogAudio: Display: Initializing Audio Device Manager...
[2023.08.29-23.17.40:868][  0]LogAudio: Display: Loading Default Audio Settings Objects...
[2023.08.29-23.17.40:868][  0]LogAudio: Display: No default SoundConcurrencyObject specified (or failed to load).
[2023.08.29-23.17.40:869][  0]LogAudio: Display: Audio Device Manager Initialized
[2023.08.29-23.17.40:869][  0]LogAudio: Display: Creating Audio Device:                 Id: 1, Scope: Shared, Realtime: True
[2023.08.29-23.17.40:869][  0]LogAudioMixer: Display: Audio Mixer Platform Settings:
[2023.08.29-23.17.40:869][  0]LogAudioMixer: Display: 	Sample Rate:						  48000
[2023.08.29-23.17.40:869][  0]LogAudioMixer: Display: 	Callback Buffer Frame Size Requested: 1024
[2023.08.29-23.17.40:869][  0]LogAudioMixer: Display: 	Callback Buffer Frame Size To Use:	  1024
[2023.08.29-23.17.40:869][  0]LogAudioMixer: Display: 	Number of buffers to queue:			  2
[2023.08.29-23.17.40:869][  0]LogAudioMixer: Display: 	Max Channels (voices):				  32
[2023.08.29-23.17.40:869][  0]LogAudioMixer: Display: 	Number of Async Source Workers:		  0
[2023.08.29-23.17.40:869][  0]LogAudio: Display: AudioDevice MaxSources: 32
[2023.08.29-23.17.40:869][  0]LogAudio: Display: Audio Spatialization Plugin: None (built-in).
[2023.08.29-23.17.40:869][  0]LogAudio: Display: Audio Reverb Plugin: None (built-in).
[2023.08.29-23.17.40:869][  0]LogAudio: Display: Audio Occlusion Plugin: None (built-in).
[2023.08.29-23.17.40:869][  0]LogAudioMixer: Display: Initializing audio mixer.
[2023.08.29-23.17.40:877][  0]LogAudioMixer: Display: 0: FrontLeft
[2023.08.29-23.17.40:877][  0]LogAudioMixer: Display: 1: FrontRight
[2023.08.29-23.17.40:895][  0]LogAudioMixer: Display: Using Audio Device 1 - BenQ GW2480 (AMD High Definition Audio Device)
[2023.08.29-23.17.40:895][  0]LogAudioMixer: Display: Initializing Sound Submixes...
[2023.08.29-23.17.40:896][  0]LogAudioMixer: Display: Creating Master Submix 'MasterSubmixDefault'
[2023.08.29-23.17.40:896][  0]LogAudioMixer: Display: Creating Master Submix 'MasterReverbSubmixDefault'
[2023.08.29-23.17.40:896][  0]LogAudioMixer: Display: Creating Master Submix 'MasterEQSubmixDefault'
[2023.08.29-23.17.40:896][  0]LogAudioMixer: FMixerPlatformXAudio2::StartAudioStream() called
[2023.08.29-23.17.40:896][  0]LogAudioMixer: Display: Output buffers initialized: Frames=1024, Channels=2, Samples=2048
[2023.08.29-23.17.40:897][  0]LogAudioMixer: Display: Starting AudioMixerPlatformInterface::RunInternal()
[2023.08.29-23.17.40:897][  0]LogAudioMixer: Display: FMixerPlatformXAudio2::SubmitBuffer() called for the first time
[2023.08.29-23.17.40:897][  0]LogInit: FAudioDevice initialized.
[2023.08.29-23.17.40:897][  0]LogAudio: Display: Audio Device (ID: 1) registered with world 'Untitled'.
[2023.08.29-23.17.40:897][  0]LogNetVersion: Set ProjectVersion to 1.0.0.0. Version Checksum will be recalculated on next use.
[2023.08.29-23.17.40:944][  0]LogDerivedDataCache: Saved boot cache 0.05s 94MB C:/Users/Azul 13/AppData/Local/UnrealEngine/4.27/DerivedDataCache/Boot.ddc.
[2023.08.29-23.17.40:944][  0]LogInit: Texture streaming: Enabled
[2023.08.29-23.17.40:953][  0]LogAnalytics: Display: [UEEditor.Rocket.Release] APIServer = https://datarouter.ol.epicgames.com/. AppVersion = 4.27.2-18319896+++UE4+Release-4.27
[2023.08.29-23.17.40:955][  0]LogEngineSessionManager: EngineSessionManager initialized
[2023.08.29-23.17.40:955][  0]LogEditorSessionSummary: Verbose: Initializing EditorSessionSummaryWriter for editor session tracking
[2023.08.29-23.17.40:956][  0]LogEditorSessionSummary: EditorSessionSummaryWriter initialized
[2023.08.29-23.17.40:972][  0]LogInit: Transaction tracking system initialized
[2023.08.29-23.17.40:986][  0]BlueprintLog: New page: Cargar el editor
[2023.08.29-23.17.41:027][  0]LocalizationService: Localization service is disabled
[2023.08.29-23.17.41:044][  0]TimingProfiler: Initialize
[2023.08.29-23.17.41:044][  0]TimingProfiler: OnSessionChanged
[2023.08.29-23.17.41:044][  0]LoadingProfiler: Initialize
[2023.08.29-23.17.41:044][  0]LoadingProfiler: OnSessionChanged
[2023.08.29-23.17.41:044][  0]NetworkingProfiler: Initialize
[2023.08.29-23.17.41:044][  0]NetworkingProfiler: OnSessionChanged
[2023.08.29-23.17.41:044][  0]MemoryProfiler: Initialize
[2023.08.29-23.17.41:044][  0]MemoryProfiler: OnSessionChanged
[2023.08.29-23.17.41:152][  0]LogCook: Display: CookSettings for Memory: MemoryMaxUsedVirtual 0MiB, MemoryMaxUsedPhysical 16384MiB, MemoryMinFreeVirtual 0MiB, MemoryMinFreePhysical 1024MiB
[2023.08.29-23.17.41:152][  0]LogCook: Display: Mobile HDR setting 1
[2023.08.29-23.17.41:288][  0]LogFileCache: Scanning file cache for directory 'C:/Users/Azul 13/Downloads/ProyectDC/proyectbc/ProyectBC/Content/' took 0.01s
[2023.08.29-23.17.41:445][  0]LogInit: Display: Engine is initialized. Leaving FEngineLoop::Init()
[2023.08.29-23.17.41:447][  0]SourceControl: El control de código fuente está desactivado
[2023.08.29-23.17.41:447][  0]LogUnrealEdMisc: Loading editor; pre map load, took 4.956
[2023.08.29-23.17.41:447][  0]Cmd: MAP LOAD FILE="../../../../../../Users/Azul 13/Downloads/ProyectDC/proyectbc/ProyectBC/Content/ThirdPersonBP/Maps/ThirdPersonExampleMap.umap" TEMPLATE=0 SHOWPROGRESS=1 FEATURELEVEL=3
[2023.08.29-23.17.41:447][  0]LightingResults: New page: Diseñar la iluminación
[2023.08.29-23.17.41:448][  0]LogWorld: UWorld::CleanupWorld for Untitled, bSessionEnded=true, bCleanupResources=true
[2023.08.29-23.17.41:448][  0]LogSlate: InvalidateAllWidgets triggered.  All widgets were invalidated
[2023.08.29-23.17.41:448][  0]MapCheck: New page: Revisión del mapa
[2023.08.29-23.17.41:448][  0]LightingResults: New page: Diseñar la iluminación
[2023.08.29-23.17.41:452][  0]LogAudio: Display: Audio Device unregistered from world 'None'.
[2023.08.29-23.17.41:455][  0]LogUObjectHash: Compacting FUObjectHashTables data took   0.62ms
[2023.08.29-23.17.41:858][  0]LogAudio: Display: Audio Device (ID: 1) registered with world 'ThirdPersonExampleMap'.
[2023.08.29-23.17.41:859][  0]LogAIModule: Creating AISystem for world ThirdPersonExampleMap
[2023.08.29-23.17.41:869][  0]LogEditorServer: Finished looking for orphan Actors (0.000 secs)
[2023.08.29-23.17.41:901][  0]LogUObjectHash: Compacting FUObjectHashTables data took   0.68ms
[2023.08.29-23.17.41:902][  0]Cmd: MAP CHECKDEP NOCLEARLOG
[2023.08.29-23.17.41:902][  0]MapCheck: Map check complete: 0 Error(s), 0 Warning(s), took 0.122ms to complete.
[2023.08.29-23.17.41:902][  0]LogFileHelpers: Loading map 'ThirdPersonExampleMap' took 0.455
[2023.08.29-23.17.41:903][  0]LogUnrealEdMisc: Total Editor Startup Time, took 5.413
[2023.08.29-23.17.42:088][  0]LogSlate: Updating window title bar state: overlay mode, drag disabled, window buttons hidden, title bar hidden
[2023.08.29-23.17.42:094][  0]LogSlate: Updating window title bar state: overlay mode, drag disabled, window buttons hidden, title bar hidden
[2023.08.29-23.17.42:098][  0]LogSlate: Updating window title bar state: overlay mode, drag disabled, window buttons hidden, title bar hidden
[2023.08.29-23.17.42:103][  0]LogSlate: Updating window title bar state: overlay mode, drag disabled, window buttons hidden, title bar hidden
[2023.08.29-23.17.42:136][  0]LogNativeClassHierarchy: Verbose: Native class hierarchy populated in 0.0076 seconds. Added 3822 classes and 928 folders.
[2023.08.29-23.17.42:142][  0]LogNativeClassHierarchy: Verbose: Native class hierarchy updated for 'WidgetCarousel' in 0.0002 seconds. Added 0 classes and 0 folders.
[2023.08.29-23.17.42:154][  0]LogPakFile: PakFile PrimaryIndexSize=187
[2023.08.29-23.17.42:154][  0]LogPakFile: PakFile PathHashIndexSize=101
[2023.08.29-23.17.42:154][  0]LogPakFile: PakFile FullDirectoryIndexSize=148
[2023.08.29-23.17.42:154][  0]LogShaderLibrary: Display: ShaderCodeLibraryPakFileMountedCallback: PakFile 'C:/Program Files/Epic Games/UE_4.27/FeaturePacks/FP_FirstPerson.upack' (chunk index -1, root 'root:/') mounted
[2023.08.29-23.17.42:154][  0]LogShaderLibrary: Display: ShaderCodeLibraryPakFileMountedCallback: pending pak file info (ChunkID:-1 Root:root:/ File:C:/Program Files/Epic Games/UE_4.27/FeaturePacks/FP_FirstPerson.upack)
[2023.08.29-23.17.42:154][  0]LogPakFile: OnPakFileMounted2Time == 0.000045
[2023.08.29-23.17.42:163][  0]LogPakFile: PakFile PrimaryIndexSize=189
[2023.08.29-23.17.42:163][  0]LogPakFile: PakFile PathHashIndexSize=101
[2023.08.29-23.17.42:163][  0]LogPakFile: PakFile FullDirectoryIndexSize=152
[2023.08.29-23.17.42:163][  0]LogShaderLibrary: Display: ShaderCodeLibraryPakFileMountedCallback: PakFile 'C:/Program Files/Epic Games/UE_4.27/FeaturePacks/FP_FirstPersonBP.upack' (chunk index -1, root 'root:/') mounted
[2023.08.29-23.17.42:163][  0]LogShaderLibrary: Display: ShaderCodeLibraryPakFileMountedCallback: pending pak file info (ChunkID:-1 Root:root:/ File:C:/Program Files/Epic Games/UE_4.27/FeaturePacks/FP_FirstPersonBP.upack)
[2023.08.29-23.17.42:163][  0]LogPakFile: OnPakFileMounted2Time == 0.000036
[2023.08.29-23.17.42:168][  0]LogPakFile: PakFile PrimaryIndexSize=191
[2023.08.29-23.17.42:168][  0]LogPakFile: PakFile PathHashIndexSize=101
[2023.08.29-23.17.42:168][  0]LogPakFile: PakFile FullDirectoryIndexSize=160
[2023.08.29-23.17.42:168][  0]LogShaderLibrary: Display: ShaderCodeLibraryPakFileMountedCallback: PakFile 'C:/Program Files/Epic Games/UE_4.27/FeaturePacks/MobileStarterContent.upack' (chunk index -1, root 'root:/') mounted
[2023.08.29-23.17.42:168][  0]LogShaderLibrary: Display: ShaderCodeLibraryPakFileMountedCallback: pending pak file info (ChunkID:-1 Root:root:/ File:C:/Program Files/Epic Games/UE_4.27/FeaturePacks/MobileStarterContent.upack)
[2023.08.29-23.17.42:168][  0]LogPakFile: OnPakFileMounted2Time == 0.000031
[2023.08.29-23.17.42:174][  0]LogPakFile: PakFile PrimaryIndexSize=185
[2023.08.29-23.17.42:174][  0]LogPakFile: PakFile PathHashIndexSize=101
[2023.08.29-23.17.42:174][  0]LogPakFile: PakFile FullDirectoryIndexSize=148
[2023.08.29-23.17.42:174][  0]LogShaderLibrary: Display: ShaderCodeLibraryPakFileMountedCallback: PakFile 'C:/Program Files/Epic Games/UE_4.27/FeaturePacks/StarterContent.upack' (chunk index -1, root 'root:/') mounted
[2023.08.29-23.17.42:174][  0]LogShaderLibrary: Display: ShaderCodeLibraryPakFileMountedCallback: pending pak file info (ChunkID:-1 Root:root:/ File:C:/Program Files/Epic Games/UE_4.27/FeaturePacks/StarterContent.upack)
[2023.08.29-23.17.42:174][  0]LogPakFile: OnPakFileMounted2Time == 0.000032
[2023.08.29-23.17.42:180][  0]LogPakFile: PakFile PrimaryIndexSize=190
[2023.08.29-23.17.42:180][  0]LogPakFile: PakFile PathHashIndexSize=101
[2023.08.29-23.17.42:180][  0]LogPakFile: PakFile FullDirectoryIndexSize=154
[2023.08.29-23.17.42:180][  0]LogShaderLibrary: Display: ShaderCodeLibraryPakFileMountedCallback: PakFile 'C:/Program Files/Epic Games/UE_4.27/FeaturePacks/TP_2DSideScroller.upack' (chunk index -1, root 'root:/') mounted
[2023.08.29-23.17.42:180][  0]LogShaderLibrary: Display: ShaderCodeLibraryPakFileMountedCallback: pending pak file info (ChunkID:-1 Root:root:/ File:C:/Program Files/Epic Games/UE_4.27/FeaturePacks/TP_2DSideScroller.upack)
[2023.08.29-23.17.42:180][  0]LogPakFile: OnPakFileMounted2Time == 0.000033
[2023.08.29-23.17.42:185][  0]LogPakFile: PakFile PrimaryIndexSize=192
[2023.08.29-23.17.42:185][  0]LogPakFile: PakFile PathHashIndexSize=101
[2023.08.29-23.17.42:185][  0]LogPakFile: PakFile FullDirectoryIndexSize=158
[2023.08.29-23.17.42:185][  0]LogShaderLibrary: Display: ShaderCodeLibraryPakFileMountedCallback: PakFile 'C:/Program Files/Epic Games/UE_4.27/FeaturePacks/TP_2DSideScrollerBP.upack' (chunk index -1, root 'root:/') mounted
[2023.08.29-23.17.42:185][  0]LogShaderLibrary: Display: ShaderCodeLibraryPakFileMountedCallback: pending pak file info (ChunkID:-1 Root:root:/ File:C:/Program Files/Epic Games/UE_4.27/FeaturePacks/TP_2DSideScrollerBP.upack)
[2023.08.29-23.17.42:185][  0]LogPakFile: OnPakFileMounted2Time == 0.000030
[2023.08.29-23.17.42:190][  0]LogPakFile: PakFile PrimaryIndexSize=182
[2023.08.29-23.17.42:190][  0]LogPakFile: PakFile PathHashIndexSize=101
[2023.08.29-23.17.42:190][  0]LogPakFile: PakFile FullDirectoryIndexSize=138
[2023.08.29-23.17.42:190][  0]LogShaderLibrary: Display: ShaderCodeLibraryPakFileMountedCallback: PakFile 'C:/Program Files/Epic Games/UE_4.27/FeaturePacks/TP_Flying.upack' (chunk index -1, root 'root:/') mounted
[2023.08.29-23.17.42:190][  0]LogShaderLibrary: Display: ShaderCodeLibraryPakFileMountedCallback: pending pak file info (ChunkID:-1 Root:root:/ File:C:/Program Files/Epic Games/UE_4.27/FeaturePacks/TP_Flying.upack)
[2023.08.29-23.17.42:190][  0]LogPakFile: OnPakFileMounted2Time == 0.000035
[2023.08.29-23.17.42:197][  0]LogPakFile: PakFile PrimaryIndexSize=184
[2023.08.29-23.17.42:197][  0]LogPakFile: PakFile PathHashIndexSize=101
[2023.08.29-23.17.42:197][  0]LogPakFile: PakFile FullDirectoryIndexSize=142
[2023.08.29-23.17.42:197][  0]LogShaderLibrary: Display: ShaderCodeLibraryPakFileMountedCallback: PakFile 'C:/Program Files/Epic Games/UE_4.27/FeaturePacks/TP_FlyingBP.upack' (chunk index -1, root 'root:/') mounted
[2023.08.29-23.17.42:197][  0]LogShaderLibrary: Display: ShaderCodeLibraryPakFileMountedCallback: pending pak file info (ChunkID:-1 Root:root:/ File:C:/Program Files/Epic Games/UE_4.27/FeaturePacks/TP_FlyingBP.upack)
[2023.08.29-23.17.42:197][  0]LogPakFile: OnPakFileMounted2Time == 0.000030
[2023.08.29-23.17.42:203][  0]LogPakFile: PakFile PrimaryIndexSize=188
[2023.08.29-23.17.42:203][  0]LogPakFile: PakFile PathHashIndexSize=101
[2023.08.29-23.17.42:203][  0]LogPakFile: PakFile FullDirectoryIndexSize=150
[2023.08.29-23.17.42:203][  0]LogShaderLibrary: Display: ShaderCodeLibraryPakFileMountedCallback: PakFile 'C:/Program Files/Epic Games/UE_4.27/FeaturePacks/TP_HandheldARBP.upack' (chunk index -1, root 'root:/') mounted
[2023.08.29-23.17.42:203][  0]LogShaderLibrary: Display: ShaderCodeLibraryPakFileMountedCallback: pending pak file info (ChunkID:-1 Root:root:/ File:C:/Program Files/Epic Games/UE_4.27/FeaturePacks/TP_HandheldARBP.upack)
[2023.08.29-23.17.42:203][  0]LogPakFile: OnPakFileMounted2Time == 0.000030
[2023.08.29-23.17.42:209][  0]LogPakFile: PakFile PrimaryIndexSize=182
[2023.08.29-23.17.42:209][  0]LogPakFile: PakFile PathHashIndexSize=101
[2023.08.29-23.17.42:209][  0]LogPakFile: PakFile FullDirectoryIndexSize=138
[2023.08.29-23.17.42:209][  0]LogShaderLibrary: Display: ShaderCodeLibraryPakFileMountedCallback: PakFile 'C:/Program Files/Epic Games/UE_4.27/FeaturePacks/TP_Puzzle.upack' (chunk index -1, root 'root:/') mounted
[2023.08.29-23.17.42:209][  0]LogShaderLibrary: Display: ShaderCodeLibraryPakFileMountedCallback: pending pak file info (ChunkID:-1 Root:root:/ File:C:/Program Files/Epic Games/UE_4.27/FeaturePacks/TP_Puzzle.upack)
[2023.08.29-23.17.42:209][  0]LogPakFile: OnPakFileMounted2Time == 0.000035
[2023.08.29-23.17.42:214][  0]LogPakFile: PakFile PrimaryIndexSize=184
[2023.08.29-23.17.42:214][  0]LogPakFile: PakFile PathHashIndexSize=101
[2023.08.29-23.17.42:214][  0]LogPakFile: PakFile FullDirectoryIndexSize=142
[2023.08.29-23.17.42:215][  0]LogShaderLibrary: Display: ShaderCodeLibraryPakFileMountedCallback: PakFile 'C:/Program Files/Epic Games/UE_4.27/FeaturePacks/TP_PuzzleBP.upack' (chunk index -1, root 'root:/') mounted
[2023.08.29-23.17.42:215][  0]LogShaderLibrary: Display: ShaderCodeLibraryPakFileMountedCallback: pending pak file info (ChunkID:-1 Root:root:/ File:C:/Program Files/Epic Games/UE_4.27/FeaturePacks/TP_PuzzleBP.upack)
[2023.08.29-23.17.42:215][  0]LogPakFile: OnPakFileMounted2Time == 0.000031
[2023.08.29-23.17.42:220][  0]LogPakFile: PakFile PrimaryIndexSize=183
[2023.08.29-23.17.42:220][  0]LogPakFile: PakFile PathHashIndexSize=101
[2023.08.29-23.17.42:220][  0]LogPakFile: PakFile FullDirectoryIndexSize=140
[2023.08.29-23.17.42:220][  0]LogShaderLibrary: Display: ShaderCodeLibraryPakFileMountedCallback: PakFile 'C:/Program Files/Epic Games/UE_4.27/FeaturePacks/TP_Rolling.upack' (chunk index -1, root 'root:/') mounted
[2023.08.29-23.17.42:220][  0]LogShaderLibrary: Display: ShaderCodeLibraryPakFileMountedCallback: pending pak file info (ChunkID:-1 Root:root:/ File:C:/Program Files/Epic Games/UE_4.27/FeaturePacks/TP_Rolling.upack)
[2023.08.29-23.17.42:220][  0]LogPakFile: OnPakFileMounted2Time == 0.000030
[2023.08.29-23.17.42:226][  0]LogPakFile: PakFile PrimaryIndexSize=185
[2023.08.29-23.17.42:226][  0]LogPakFile: PakFile PathHashIndexSize=101
[2023.08.29-23.17.42:226][  0]LogPakFile: PakFile FullDirectoryIndexSize=144
[2023.08.29-23.17.42:226][  0]LogShaderLibrary: Display: ShaderCodeLibraryPakFileMountedCallback: PakFile 'C:/Program Files/Epic Games/UE_4.27/FeaturePacks/TP_RollingBP.upack' (chunk index -1, root 'root:/') mounted
[2023.08.29-23.17.42:226][  0]LogShaderLibrary: Display: ShaderCodeLibraryPakFileMountedCallback: pending pak file info (ChunkID:-1 Root:root:/ File:C:/Program Files/Epic Games/UE_4.27/FeaturePacks/TP_RollingBP.upack)
[2023.08.29-23.17.42:226][  0]LogPakFile: OnPakFileMounted2Time == 0.000029
[2023.08.29-23.17.42:231][  0]LogPakFile: PakFile PrimaryIndexSize=188
[2023.08.29-23.17.42:231][  0]LogPakFile: PakFile PathHashIndexSize=101
[2023.08.29-23.17.42:231][  0]LogPakFile: PakFile FullDirectoryIndexSize=150
[2023.08.29-23.17.42:231][  0]LogShaderLibrary: Display: ShaderCodeLibraryPakFileMountedCallback: PakFile 'C:/Program Files/Epic Games/UE_4.27/FeaturePacks/TP_SideScroller.upack' (chunk index -1, root 'root:/') mounted
[2023.08.29-23.17.42:231][  0]LogShaderLibrary: Display: ShaderCodeLibraryPakFileMountedCallback: pending pak file info (ChunkID:-1 Root:root:/ File:C:/Program Files/Epic Games/UE_4.27/FeaturePacks/TP_SideScroller.upack)
[2023.08.29-23.17.42:231][  0]LogPakFile: OnPakFileMounted2Time == 0.000034
[2023.08.29-23.17.42:237][  0]LogPakFile: PakFile PrimaryIndexSize=190
[2023.08.29-23.17.42:237][  0]LogPakFile: PakFile PathHashIndexSize=101
[2023.08.29-23.17.42:237][  0]LogPakFile: PakFile FullDirectoryIndexSize=154
[2023.08.29-23.17.42:237][  0]LogShaderLibrary: Display: ShaderCodeLibraryPakFileMountedCallback: PakFile 'C:/Program Files/Epic Games/UE_4.27/FeaturePacks/TP_SideScrollerBP.upack' (chunk index -1, root 'root:/') mounted
[2023.08.29-23.17.42:237][  0]LogShaderLibrary: Display: ShaderCodeLibraryPakFileMountedCallback: pending pak file info (ChunkID:-1 Root:root:/ File:C:/Program Files/Epic Games/UE_4.27/FeaturePacks/TP_SideScrollerBP.upack)
[2023.08.29-23.17.42:237][  0]LogPakFile: OnPakFileMounted2Time == 0.000029
[2023.08.29-23.17.42:242][  0]LogPakFile: PakFile PrimaryIndexSize=187
[2023.08.29-23.17.42:242][  0]LogPakFile: PakFile PathHashIndexSize=101
[2023.08.29-23.17.42:242][  0]LogPakFile: PakFile FullDirectoryIndexSize=148
[2023.08.29-23.17.42:242][  0]LogShaderLibrary: Display: ShaderCodeLibraryPakFileMountedCallback: PakFile 'C:/Program Files/Epic Games/UE_4.27/FeaturePacks/TP_ThirdPerson.upack' (chunk index -1, root 'root:/') mounted
[2023.08.29-23.17.42:242][  0]LogShaderLibrary: Display: ShaderCodeLibraryPakFileMountedCallback: pending pak file info (ChunkID:-1 Root:root:/ File:C:/Program Files/Epic Games/UE_4.27/FeaturePacks/TP_ThirdPerson.upack)
[2023.08.29-23.17.42:242][  0]LogPakFile: OnPakFileMounted2Time == 0.000029
[2023.08.29-23.17.42:247][  0]LogPakFile: PakFile PrimaryIndexSize=189
[2023.08.29-23.17.42:247][  0]LogPakFile: PakFile PathHashIndexSize=101
[2023.08.29-23.17.42:247][  0]LogPakFile: PakFile FullDirectoryIndexSize=152
[2023.08.29-23.17.42:247][  0]LogShaderLibrary: Display: ShaderCodeLibraryPakFileMountedCallback: PakFile 'C:/Program Files/Epic Games/UE_4.27/FeaturePacks/TP_ThirdPersonBP.upack' (chunk index -1, root 'root:/') mounted
[2023.08.29-23.17.42:247][  0]LogShaderLibrary: Display: ShaderCodeLibraryPakFileMountedCallback: pending pak file info (ChunkID:-1 Root:root:/ File:C:/Program Files/Epic Games/UE_4.27/FeaturePacks/TP_ThirdPersonBP.upack)
[2023.08.29-23.17.42:247][  0]LogPakFile: OnPakFileMounted2Time == 0.000031
[2023.08.29-23.17.42:253][  0]LogPakFile: PakFile PrimaryIndexSize=183
[2023.08.29-23.17.42:253][  0]LogPakFile: PakFile PathHashIndexSize=101
[2023.08.29-23.17.42:253][  0]LogPakFile: PakFile FullDirectoryIndexSize=140
[2023.08.29-23.17.42:253][  0]LogShaderLibrary: Display: ShaderCodeLibraryPakFileMountedCallback: PakFile 'C:/Program Files/Epic Games/UE_4.27/FeaturePacks/TP_TopDown.upack' (chunk index -1, root 'root:/') mounted
[2023.08.29-23.17.42:253][  0]LogShaderLibrary: Display: ShaderCodeLibraryPakFileMountedCallback: pending pak file info (ChunkID:-1 Root:root:/ File:C:/Program Files/Epic Games/UE_4.27/FeaturePacks/TP_TopDown.upack)
[2023.08.29-23.17.42:253][  0]LogPakFile: OnPakFileMounted2Time == 0.000036
[2023.08.29-23.17.42:258][  0]LogPakFile: PakFile PrimaryIndexSize=185
[2023.08.29-23.17.42:258][  0]LogPakFile: PakFile PathHashIndexSize=101
[2023.08.29-23.17.42:258][  0]LogPakFile: PakFile FullDirectoryIndexSize=144
[2023.08.29-23.17.42:258][  0]LogShaderLibrary: Display: ShaderCodeLibraryPakFileMountedCallback: PakFile 'C:/Program Files/Epic Games/UE_4.27/FeaturePacks/TP_TopDownBP.upack' (chunk index -1, root 'root:/') mounted
[2023.08.29-23.17.42:258][  0]LogShaderLibrary: Display: ShaderCodeLibraryPakFileMountedCallback: pending pak file info (ChunkID:-1 Root:root:/ File:C:/Program Files/Epic Games/UE_4.27/FeaturePacks/TP_TopDownBP.upack)
[2023.08.29-23.17.42:258][  0]LogPakFile: OnPakFileMounted2Time == 0.000030
[2023.08.29-23.17.42:266][  0]LogPakFile: PakFile PrimaryIndexSize=185
[2023.08.29-23.17.42:266][  0]LogPakFile: PakFile PathHashIndexSize=101
[2023.08.29-23.17.42:266][  0]LogPakFile: PakFile FullDirectoryIndexSize=144
[2023.08.29-23.17.42:266][  0]LogShaderLibrary: Display: ShaderCodeLibraryPakFileMountedCallback: PakFile 'C:/Program Files/Epic Games/UE_4.27/FeaturePacks/TP_TwinStick.upack' (chunk index -1, root 'root:/') mounted
[2023.08.29-23.17.42:266][  0]LogShaderLibrary: Display: ShaderCodeLibraryPakFileMountedCallback: pending pak file info (ChunkID:-1 Root:root:/ File:C:/Program Files/Epic Games/UE_4.27/FeaturePacks/TP_TwinStick.upack)
[2023.08.29-23.17.42:266][  0]LogPakFile: OnPakFileMounted2Time == 0.000032
[2023.08.29-23.17.42:272][  0]LogPakFile: PakFile PrimaryIndexSize=187
[2023.08.29-23.17.42:272][  0]LogPakFile: PakFile PathHashIndexSize=101
[2023.08.29-23.17.42:272][  0]LogPakFile: PakFile FullDirectoryIndexSize=148
[2023.08.29-23.17.42:272][  0]LogShaderLibrary: Display: ShaderCodeLibraryPakFileMountedCallback: PakFile 'C:/Program Files/Epic Games/UE_4.27/FeaturePacks/TP_TwinStickBP.upack' (chunk index -1, root 'root:/') mounted
[2023.08.29-23.17.42:272][  0]LogShaderLibrary: Display: ShaderCodeLibraryPakFileMountedCallback: pending pak file info (ChunkID:-1 Root:root:/ File:C:/Program Files/Epic Games/UE_4.27/FeaturePacks/TP_TwinStickBP.upack)
[2023.08.29-23.17.42:272][  0]LogPakFile: OnPakFileMounted2Time == 0.000031
[2023.08.29-23.17.42:276][  0]LogPakFile: PakFile PrimaryIndexSize=183
[2023.08.29-23.17.42:276][  0]LogPakFile: PakFile PathHashIndexSize=101
[2023.08.29-23.17.42:276][  0]LogPakFile: PakFile FullDirectoryIndexSize=140
[2023.08.29-23.17.42:276][  0]LogShaderLibrary: Display: ShaderCodeLibraryPakFileMountedCallback: PakFile 'C:/Program Files/Epic Games/UE_4.27/FeaturePacks/TP_Vehicle.upack' (chunk index -1, root 'root:/') mounted
[2023.08.29-23.17.42:276][  0]LogShaderLibrary: Display: ShaderCodeLibraryPakFileMountedCallback: pending pak file info (ChunkID:-1 Root:root:/ File:C:/Program Files/Epic Games/UE_4.27/FeaturePacks/TP_Vehicle.upack)
[2023.08.29-23.17.42:276][  0]LogPakFile: OnPakFileMounted2Time == 0.000029
[2023.08.29-23.17.42:282][  0]LogPakFile: PakFile PrimaryIndexSize=186
[2023.08.29-23.17.42:282][  0]LogPakFile: PakFile PathHashIndexSize=101
[2023.08.29-23.17.42:282][  0]LogPakFile: PakFile FullDirectoryIndexSize=146
[2023.08.29-23.17.42:282][  0]LogShaderLibrary: Display: ShaderCodeLibraryPakFileMountedCallback: PakFile 'C:/Program Files/Epic Games/UE_4.27/FeaturePacks/TP_VehicleAdv.upack' (chunk index -1, root 'root:/') mounted
[2023.08.29-23.17.42:282][  0]LogShaderLibrary: Display: ShaderCodeLibraryPakFileMountedCallback: pending pak file info (ChunkID:-1 Root:root:/ File:C:/Program Files/Epic Games/UE_4.27/FeaturePacks/TP_VehicleAdv.upack)
[2023.08.29-23.17.42:282][  0]LogPakFile: OnPakFileMounted2Time == 0.000030
[2023.08.29-23.17.42:288][  0]LogPakFile: PakFile PrimaryIndexSize=188
[2023.08.29-23.17.42:288][  0]LogPakFile: PakFile PathHashIndexSize=101
[2023.08.29-23.17.42:288][  0]LogPakFile: PakFile FullDirectoryIndexSize=150
[2023.08.29-23.17.42:288][  0]LogShaderLibrary: Display: ShaderCodeLibraryPakFileMountedCallback: PakFile 'C:/Program Files/Epic Games/UE_4.27/FeaturePacks/TP_VehicleAdvBP.upack' (chunk index -1, root 'root:/') mounted
[2023.08.29-23.17.42:288][  0]LogShaderLibrary: Display: ShaderCodeLibraryPakFileMountedCallback: pending pak file info (ChunkID:-1 Root:root:/ File:C:/Program Files/Epic Games/UE_4.27/FeaturePacks/TP_VehicleAdvBP.upack)
[2023.08.29-23.17.42:288][  0]LogPakFile: OnPakFileMounted2Time == 0.000033
[2023.08.29-23.17.42:293][  0]LogPakFile: PakFile PrimaryIndexSize=185
[2023.08.29-23.17.42:293][  0]LogPakFile: PakFile PathHashIndexSize=101
[2023.08.29-23.17.42:293][  0]LogPakFile: PakFile FullDirectoryIndexSize=144
[2023.08.29-23.17.42:293][  0]LogShaderLibrary: Display: ShaderCodeLibraryPakFileMountedCallback: PakFile 'C:/Program Files/Epic Games/UE_4.27/FeaturePacks/TP_VehicleBP.upack' (chunk index -1, root 'root:/') mounted
[2023.08.29-23.17.42:293][  0]LogShaderLibrary: Display: ShaderCodeLibraryPakFileMountedCallback: pending pak file info (ChunkID:-1 Root:root:/ File:C:/Program Files/Epic Games/UE_4.27/FeaturePacks/TP_VehicleBP.upack)
[2023.08.29-23.17.42:293][  0]LogPakFile: OnPakFileMounted2Time == 0.000029
[2023.08.29-23.17.42:297][  0]LogPakFile: PakFile PrimaryIndexSize=192
[2023.08.29-23.17.42:297][  0]LogPakFile: PakFile PathHashIndexSize=101
[2023.08.29-23.17.42:297][  0]LogPakFile: PakFile FullDirectoryIndexSize=158
[2023.08.29-23.17.42:297][  0]LogShaderLibrary: Display: ShaderCodeLibraryPakFileMountedCallback: PakFile 'C:/Program Files/Epic Games/UE_4.27/FeaturePacks/TP_VirtualRealityBP.upack' (chunk index -1, root 'root:/') mounted
[2023.08.29-23.17.42:297][  0]LogShaderLibrary: Display: ShaderCodeLibraryPakFileMountedCallback: pending pak file info (ChunkID:-1 Root:root:/ File:C:/Program Files/Epic Games/UE_4.27/FeaturePacks/TP_VirtualRealityBP.upack)
[2023.08.29-23.17.42:297][  0]LogPakFile: OnPakFileMounted2Time == 0.000030
[2023.08.29-23.17.42:500][  0]LogNativeClassHierarchy: Verbose: Native class hierarchy updated for 'AddContentDialog' in 0.0002 seconds. Added 0 classes and 0 folders.
[2023.08.29-23.17.42:505][  0]LogNativeClassHierarchy: Verbose: Native class hierarchy updated for 'SceneOutliner' in 0.0002 seconds. Added 2 classes and 0 folders.
[2023.08.29-23.17.42:665][  0]LogSlate: Took 0.000413 seconds to synchronously load lazily loaded font '../../../Engine/Content/Slate/Fonts/Roboto-Regular.ttf' (155K)
[2023.08.29-23.17.42:683][  0]LogSlate: Took 0.013979 seconds to synchronously load lazily loaded font '../../../Engine/Content/Editor/Slate/Fonts/FontAwesome.ttf' (139K)
[2023.08.29-23.17.42:685][  0]LogSlate: Took 0.000207 seconds to synchronously load lazily loaded font '../../../Engine/Content/Slate/Fonts/Roboto-Bold.ttf' (160K)
[2023.08.29-23.17.42:823][  0]LogRenderer: Reallocating scene render targets to support 1208x572 Format 10 NumSamples 1 (Frame:1).
[2023.08.29-23.17.42:968][  0]LogNativeClassHierarchy: Verbose: Native class hierarchy updated for 'HierarchicalLODOutliner' in 0.0002 seconds. Added 0 classes and 0 folders.
[2023.08.29-23.17.42:968][  0]LogInput: Warning: Action Jump uses invalid key OculusGo_Left_Trigger_Click.
[2023.08.29-23.17.42:968][  0]LogInput: Warning: Action ResetVR uses invalid key OculusGo_Left_Trackpad_Click.
[2023.08.29-23.17.42:968][  0]LogInput: Warning: Use -RemoveInvalidKeys to remove instances of these keys from the action mapping.
[2023.08.29-23.17.42:968][  0]LogLoad: (Engine Initialization) Total time: 6.48 seconds
[2023.08.29-23.17.42:968][  0]LogLoad: (Engine Initialization) Total Blueprint compile time: 0.00 seconds
[2023.08.29-23.17.43:004][  0]LogAssetRegistry: Asset discovery search completed in 4.3174 seconds
[2023.08.29-23.17.43:008][  0]LogCollectionManager: Fixed up redirectors for 0 collections in 0.000002 seconds (updated 0 objects)
[2023.08.29-23.17.43:009][  0]LogContentStreaming: Texture pool size now 1000 MB
[2023.08.29-23.17.43:125][  2]LogSlate: Took 0.005476 seconds to synchronously load lazily loaded font '../../../Engine/Content/Slate/Fonts/Roboto-Light.ttf' (167K)
[2023.08.29-23.18.35:136][147]LogContentBrowser: Deferred new asset folder creation: Carpeta nueva
[2023.08.29-23.18.35:154][147]LogContentBrowser: Creating deferred item: Carpeta nueva
[2023.08.29-23.18.35:182][151]LogEditorViewport: Clicking on Actor (LMB): StaticMeshActor (Wall10)
[2023.08.29-23.18.48:416][730]Cmd: SELECT NONE
[2023.08.29-23.18.51:899][148]Cmd: TRANSACTION UNDO
[2023.08.29-23.18.51:900][148]LogEditorTransaction: Undo No seleccionar ninguno
[2023.08.29-23.18.51:919][148]LogSlate: Took 0.000147 seconds to synchronously load lazily loaded font '../../../Engine/Content/Slate/Fonts/Roboto-Light.ttf' (167K)
[2023.08.29-23.18.52:464][168]Cmd: TRANSACTION UNDO
[2023.08.29-23.18.52:464][168]LogEditorTransaction: Undo Pinchar en los actores
[2023.08.30-00.06.59:065][529]Cmd: SELECT NONE
[2023.08.30-00.06.59:424][572]Cmd: SELECT NONE
[2023.08.30-00.07.08:545][644]LogOutputDevice: Warning: 

Script Stack (0 frames):

[2023.08.30-00.07.08:545][644]LogWindows: Windows GetLastError: La operación se completó correctamente. (0)
[2023.08.30-00.07.10:052][644]LogWindows: Error: === Critical error: ===
[2023.08.30-00.07.10:052][644]LogWindows: Error: 
[2023.08.30-00.07.10:052][644]LogWindows: Error: Assertion failed: !DeferredItemToCreate.IsValid() [File:D:/Build/++UE4/Sync/Engine/Source/Editor/ContentBrowser/Private/SAssetView.cpp] [Line: 556] 
[2023.08.30-00.07.10:052][644]LogWindows: Error: 
[2023.08.30-00.07.10:052][644]LogWindows: Error: 
[2023.08.30-00.07.10:052][644]LogWindows: Error: 
[2023.08.30-00.07.10:052][644]LogWindows: Error: [Callstack] 0x00007ffa231fcf19 KERNELBASE.dll!UnknownFunction []
[2023.08.30-00.07.10:052][644]LogWindows: Error: [Callstack] 0x00007ff9a2540216 UE4Editor-Core.dll!UnknownFunction []
[2023.08.30-00.07.10:052][644]LogWindows: Error: [Callstack] 0x00007ff9a2544218 UE4Editor-Core.dll!UnknownFunction []
[2023.08.30-00.07.10:052][644]LogWindows: Error: [Callstack] 0x00007ff9a226242d UE4Editor-Core.dll!UnknownFunction []
[2023.08.30-00.07.10:052][644]LogWindows: Error: [Callstack] 0x00007ff9a21b6a45 UE4Editor-Core.dll!UnknownFunction []
[2023.08.30-00.07.10:052][644]LogWindows: Error: [Callstack] 0x00007ff9a21b80a0 UE4Editor-Core.dll!UnknownFunction []
[2023.08.30-00.07.10:052][644]LogWindows: Error: [Callstack] 0x00007ff983e0749d UE4Editor-ContentBrowser.dll!UnknownFunction []
[2023.08.30-00.07.10:052][644]LogWindows: Error: [Callstack] 0x00007ff983dcaaa7 UE4Editor-ContentBrowser.dll!UnknownFunction []
[2023.08.30-00.07.10:052][644]LogWindows: Error: [Callstack] 0x00007ff983e9e99b UE4Editor-ContentBrowser.dll!UnknownFunction []
[2023.08.30-00.07.10:052][644]LogWindows: Error: [Callstack] 0x00007ff983ee66a2 UE4Editor-ContentBrowser.dll!UnknownFunction []
[2023.08.30-00.07.10:052][644]LogWindows: Error: [Callstack] 0x00007ff983eb3a27 UE4Editor-ContentBrowser.dll!UnknownFunction []
[2023.08.30-00.07.10:052][644]LogWindows: Error: [Callstack] 0x00007ff983dcc0c3 UE4Editor-ContentBrowser.dll!UnknownFunction []
[2023.08.30-00.07.10:052][644]LogWindows: Error: [Callstack] 0x00007ff983d2442a UE4Editor-ContentBrowser.dll!UnknownFunction []
[2023.08.30-00.07.10:052][644]LogWindows: Error: [Callstack] 0x00007ff983dcbea1 UE4Editor-ContentBrowser.dll!UnknownFunction []
[2023.08.30-00.07.10:052][644]LogWindows: Error: [Callstack] 0x00007ff9a13a1b55 UE4Editor-Slate.dll!UnknownFunction []
[2023.08.30-00.07.10:052][644]LogWindows: Error: [Callstack] 0x00007ff9a13a8370 UE4Editor-Slate.dll!UnknownFunction []
[2023.08.30-00.07.10:052][644]LogWindows: Error: [Callstack] 0x00007ff9a137c587 UE4Editor-Slate.dll!UnknownFunction []
[2023.08.30-00.07.10:052][644]LogWindows: Error: [Callstack] 0x00007ff9a141a6fe UE4Editor-Slate.dll!UnknownFunction []
[2023.08.30-00.07.10:052][644]LogWindows: Error: [Callstack] 0x00007ff9a143280e UE4Editor-Slate.dll!UnknownFunction []
[2023.08.30-00.07.10:052][644]LogWindows: Error: [Callstack] 0x00007ff9a13a9ae5 UE4Editor-Slate.dll!UnknownFunction []
[2023.08.30-00.07.10:052][644]LogWindows: Error: [Callstack] 0x00007ff9a128421e UE4Editor-Slate.dll!UnknownFunction []
[2023.08.30-00.07.10:052][644]LogWindows: Error: [Callstack] 0x00007ff9a12fe104 UE4Editor-Slate.dll!UnknownFunction []
[2023.08.30-00.07.10:052][644]LogWindows: Error: [Callstack] 0x00007ff9a12e7097 UE4Editor-Slate.dll!UnknownFunction []
[2023.08.30-00.07.10:052][644]LogWindows: Error: [Callstack] 0x00007ff9a12d9b62 UE4Editor-Slate.dll!UnknownFunction []
[2023.08.30-00.07.10:052][644]LogWindows: Error: [Callstack] 0x00007ffa175fc025 UE4Editor-ApplicationCore.dll!UnknownFunction []
[2023.08.30-00.07.10:052][644]LogWindows: Error: [Callstack] 0x00007ffa175e92b7 UE4Editor-ApplicationCore.dll!UnknownFunction []
[2023.08.30-00.07.10:052][644]LogWindows: Error: [Callstack] 0x00007ffa175fe465 UE4Editor-ApplicationCore.dll!UnknownFunction []
[2023.08.30-00.07.10:052][644]LogWindows: Error: [Callstack] 0x00007ffa175e4410 UE4Editor-ApplicationCore.dll!UnknownFunction []
[2023.08.30-00.07.10:052][644]LogWindows: Error: [Callstack] 0x00007ffa242de858 USER32.dll!UnknownFunction []
[2023.08.30-00.07.10:052][644]LogWindows: Error: [Callstack] 0x00007ffa242de299 USER32.dll!UnknownFunction []
[2023.08.30-00.07.10:052][644]LogWindows: Error: [Callstack] 0x00007ffa175ffcd4 UE4Editor-ApplicationCore.dll!UnknownFunction []
[2023.08.30-00.07.10:052][644]LogWindows: Error: [Callstack] 0x00007ff6da387621 UE4Editor.exe!UnknownFunction []
[2023.08.30-00.07.10:052][644]LogWindows: Error: [Callstack] 0x00007ff6da3a0fcc UE4Editor.exe!UnknownFunction []
[2023.08.30-00.07.10:052][644]LogWindows: Error: [Callstack] 0x00007ff6da3a10ba UE4Editor.exe!UnknownFunction []
[2023.08.30-00.07.10:052][644]LogWindows: Error: [Callstack] 0x00007ff6da3a40dd UE4Editor.exe!UnknownFunction []
[2023.08.30-00.07.10:052][644]LogWindows: Error: [Callstack] 0x00007ff6da3b5984 UE4Editor.exe!UnknownFunction []
[2023.08.30-00.07.10:052][644]LogWindows: Error: [Callstack] 0x00007ff6da3b853a UE4Editor.exe!UnknownFunction []
[2023.08.30-00.07.10:052][644]LogWindows: Error: [Callstack] 0x00007ffa247e7614 KERNEL32.DLL!UnknownFunction []
[2023.08.30-00.07.10:052][644]LogWindows: Error: [Callstack] 0x00007ffa257e26b1 ntdll.dll!UnknownFunction []
[2023.08.30-00.07.10:052][644]LogWindows: Error: 
[2023.08.30-00.07.10:059][644]LogExit: Executing StaticShutdownAfterError
[2023.08.30-00.07.10:061][644]LogWindows: FPlatformMisc::RequestExit(1)
[2023.08.30-00.07.10:061][644]LogWindows: FPlatformMisc::RequestExitWithStatus(1, 3)
[2023.08.30-00.07.10:061][644]LogCore: Engine exit requested (reason: Win RequestExit)
[2023.08.30-00.07.10:069][644]Log file closed, 08/29/23 18:07:10
